{"C:\\Users\\Kevin\\Classwork\\csc307\\polyPlanner\\packages\\express-backend\\calendar.js": {"path":"C:\\Users\\Kevin\\Classwork\\csc307\\polyPlanner\\packages\\express-backend\\calendar.js","statementMap":{"0":{"start":{"line":4,"column":23},"end":{"line":24,"column":1}},"1":{"start":{"line":26,"column":17},"end":{"line":26,"column":59}}},"fnMap":{},"branchMap":{},"s":{"0":6,"1":6},"f":{},"b":{},"_coverageSchema":"1a1c01bbd47fc00a2c39e90264f33305004495a9","hash":"2cedac9f0109e5347bef7733a5b4eb778906d810"}
,"C:\\Users\\Kevin\\Classwork\\csc307\\polyPlanner\\packages\\express-backend\\class.js": {"path":"C:\\Users\\Kevin\\Classwork\\csc307\\polyPlanner\\packages\\express-backend\\class.js","statementMap":{"0":{"start":{"line":4,"column":20},"end":{"line":40,"column":1}},"1":{"start":{"line":42,"column":14},"end":{"line":42,"column":50}}},"fnMap":{},"branchMap":{},"s":{"0":6,"1":6},"f":{},"b":{},"_coverageSchema":"1a1c01bbd47fc00a2c39e90264f33305004495a9","hash":"047456d32b93e5add87e661fc57c5972cdc04ba5"}
,"C:\\Users\\Kevin\\Classwork\\csc307\\polyPlanner\\packages\\express-backend\\event.js": {"path":"C:\\Users\\Kevin\\Classwork\\csc307\\polyPlanner\\packages\\express-backend\\event.js","statementMap":{"0":{"start":{"line":3,"column":20},"end":{"line":39,"column":1}},"1":{"start":{"line":41,"column":14},"end":{"line":41,"column":50}}},"fnMap":{},"branchMap":{},"s":{"0":6,"1":6},"f":{},"b":{},"_coverageSchema":"1a1c01bbd47fc00a2c39e90264f33305004495a9","hash":"a205fcea530f0fb1d6bfbc2f1217b2cc215aee86"}
,"C:\\Users\\Kevin\\Classwork\\csc307\\polyPlanner\\packages\\express-backend\\services.js": {"path":"C:\\Users\\Kevin\\Classwork\\csc307\\polyPlanner\\packages\\express-backend\\services.js","statementMap":{"0":{"start":{"line":8,"column":0},"end":{"line":8,"column":28}},"1":{"start":{"line":10,"column":0},"end":{"line":18,"column":42}},"2":{"start":{"line":18,"column":22},"end":{"line":18,"column":40}},"3":{"start":{"line":23,"column":16},"end":{"line":23,"column":18}},"4":{"start":{"line":24,"column":4},"end":{"line":34,"column":5}},"5":{"start":{"line":25,"column":8},"end":{"line":25,"column":59}},"6":{"start":{"line":26,"column":8},"end":{"line":29,"column":11}},"7":{"start":{"line":30,"column":11},"end":{"line":34,"column":5}},"8":{"start":{"line":31,"column":8},"end":{"line":31,"column":39}},"9":{"start":{"line":32,"column":11},"end":{"line":34,"column":5}},"10":{"start":{"line":33,"column":8},"end":{"line":33,"column":39}},"11":{"start":{"line":35,"column":4},"end":{"line":35,"column":39}},"12":{"start":{"line":39,"column":4},"end":{"line":39,"column":79}},"13":{"start":{"line":43,"column":22},"end":{"line":43,"column":41}},"14":{"start":{"line":44,"column":4},"end":{"line":44,"column":34}},"15":{"start":{"line":48,"column":4},"end":{"line":49,"column":62}},"16":{"start":{"line":53,"column":4},"end":{"line":53,"column":40}},"17":{"start":{"line":57,"column":4},"end":{"line":57,"column":49}},"18":{"start":{"line":63,"column":16},"end":{"line":63,"column":18}},"19":{"start":{"line":64,"column":4},"end":{"line":66,"column":5}},"20":{"start":{"line":65,"column":8},"end":{"line":65,"column":28}},"21":{"start":{"line":67,"column":4},"end":{"line":69,"column":5}},"22":{"start":{"line":68,"column":8},"end":{"line":68,"column":34}},"23":{"start":{"line":70,"column":4},"end":{"line":72,"column":5}},"24":{"start":{"line":71,"column":8},"end":{"line":71,"column":28}},"25":{"start":{"line":73,"column":4},"end":{"line":73,"column":40}},"26":{"start":{"line":77,"column":23},"end":{"line":77,"column":44}},"27":{"start":{"line":78,"column":4},"end":{"line":78,"column":35}},"28":{"start":{"line":82,"column":4},"end":{"line":83,"column":64}},"29":{"start":{"line":87,"column":4},"end":{"line":87,"column":41}},"30":{"start":{"line":91,"column":4},"end":{"line":91,"column":50}},"31":{"start":{"line":97,"column":16},"end":{"line":97,"column":18}},"32":{"start":{"line":98,"column":4},"end":{"line":100,"column":5}},"33":{"start":{"line":99,"column":8},"end":{"line":99,"column":28}},"34":{"start":{"line":101,"column":4},"end":{"line":101,"column":43}},"35":{"start":{"line":105,"column":26},"end":{"line":105,"column":53}},"36":{"start":{"line":106,"column":4},"end":{"line":106,"column":38}},"37":{"start":{"line":110,"column":4},"end":{"line":111,"column":70}},"38":{"start":{"line":115,"column":4},"end":{"line":115,"column":44}},"39":{"start":{"line":119,"column":4},"end":{"line":119,"column":53}},"40":{"start":{"line":125,"column":16},"end":{"line":125,"column":18}},"41":{"start":{"line":126,"column":4},"end":{"line":128,"column":5}},"42":{"start":{"line":127,"column":8},"end":{"line":127,"column":28}},"43":{"start":{"line":129,"column":4},"end":{"line":131,"column":5}},"44":{"start":{"line":130,"column":8},"end":{"line":130,"column":34}},"45":{"start":{"line":132,"column":4},"end":{"line":134,"column":5}},"46":{"start":{"line":133,"column":8},"end":{"line":133,"column":28}},"47":{"start":{"line":135,"column":4},"end":{"line":135,"column":40}},"48":{"start":{"line":139,"column":23},"end":{"line":139,"column":44}},"49":{"start":{"line":140,"column":4},"end":{"line":140,"column":35}},"50":{"start":{"line":144,"column":4},"end":{"line":145,"column":64}},"51":{"start":{"line":149,"column":4},"end":{"line":149,"column":41}},"52":{"start":{"line":153,"column":4},"end":{"line":153,"column":50}},"53":{"start":{"line":159,"column":16},"end":{"line":159,"column":18}},"54":{"start":{"line":160,"column":4},"end":{"line":162,"column":5}},"55":{"start":{"line":161,"column":8},"end":{"line":161,"column":32}},"56":{"start":{"line":163,"column":4},"end":{"line":165,"column":5}},"57":{"start":{"line":164,"column":8},"end":{"line":164,"column":28}},"58":{"start":{"line":166,"column":4},"end":{"line":166,"column":39}},"59":{"start":{"line":170,"column":22},"end":{"line":170,"column":41}},"60":{"start":{"line":171,"column":4},"end":{"line":171,"column":34}},"61":{"start":{"line":175,"column":4},"end":{"line":176,"column":62}},"62":{"start":{"line":180,"column":4},"end":{"line":180,"column":40}},"63":{"start":{"line":184,"column":4},"end":{"line":184,"column":49}}},"fnMap":{"0":{"name":"(anonymous_0)","decl":{"start":{"line":18,"column":11},"end":{"line":18,"column":12}},"loc":{"start":{"line":18,"column":22},"end":{"line":18,"column":40}},"line":18},"1":{"name":"getUsers","decl":{"start":{"line":22,"column":15},"end":{"line":22,"column":23}},"loc":{"start":{"line":22,"column":44},"end":{"line":36,"column":1}},"line":22},"2":{"name":"getUserByNameAndPassword","decl":{"start":{"line":38,"column":15},"end":{"line":38,"column":39}},"loc":{"start":{"line":38,"column":60},"end":{"line":40,"column":1}},"line":38},"3":{"name":"addUser","decl":{"start":{"line":42,"column":15},"end":{"line":42,"column":22}},"loc":{"start":{"line":42,"column":29},"end":{"line":45,"column":1}},"line":42},"4":{"name":"editUser","decl":{"start":{"line":47,"column":15},"end":{"line":47,"column":23}},"loc":{"start":{"line":47,"column":45},"end":{"line":50,"column":1}},"line":47},"5":{"name":"findUserById","decl":{"start":{"line":52,"column":15},"end":{"line":52,"column":27}},"loc":{"start":{"line":52,"column":32},"end":{"line":54,"column":1}},"line":52},"6":{"name":"deleteUserById","decl":{"start":{"line":56,"column":15},"end":{"line":56,"column":29}},"loc":{"start":{"line":56,"column":34},"end":{"line":58,"column":1}},"line":56},"7":{"name":"getEvents","decl":{"start":{"line":62,"column":15},"end":{"line":62,"column":24}},"loc":{"start":{"line":62,"column":50},"end":{"line":74,"column":1}},"line":62},"8":{"name":"addEvent","decl":{"start":{"line":76,"column":15},"end":{"line":76,"column":23}},"loc":{"start":{"line":76,"column":31},"end":{"line":79,"column":1}},"line":76},"9":{"name":"editEvent","decl":{"start":{"line":81,"column":15},"end":{"line":81,"column":24}},"loc":{"start":{"line":81,"column":48},"end":{"line":84,"column":1}},"line":81},"10":{"name":"findEventById","decl":{"start":{"line":86,"column":15},"end":{"line":86,"column":28}},"loc":{"start":{"line":86,"column":33},"end":{"line":88,"column":1}},"line":86},"11":{"name":"deleteEventById","decl":{"start":{"line":90,"column":15},"end":{"line":90,"column":30}},"loc":{"start":{"line":90,"column":35},"end":{"line":92,"column":1}},"line":90},"12":{"name":"getCalendars","decl":{"start":{"line":96,"column":15},"end":{"line":96,"column":27}},"loc":{"start":{"line":96,"column":36},"end":{"line":102,"column":1}},"line":96},"13":{"name":"addCalendar","decl":{"start":{"line":104,"column":15},"end":{"line":104,"column":26}},"loc":{"start":{"line":104,"column":37},"end":{"line":107,"column":1}},"line":104},"14":{"name":"editCalendar","decl":{"start":{"line":109,"column":15},"end":{"line":109,"column":27}},"loc":{"start":{"line":109,"column":57},"end":{"line":112,"column":1}},"line":109},"15":{"name":"findCalendarById","decl":{"start":{"line":114,"column":15},"end":{"line":114,"column":31}},"loc":{"start":{"line":114,"column":36},"end":{"line":116,"column":1}},"line":114},"16":{"name":"deleteCalendarById","decl":{"start":{"line":118,"column":15},"end":{"line":118,"column":33}},"loc":{"start":{"line":118,"column":38},"end":{"line":120,"column":1}},"line":118},"17":{"name":"getClasses","decl":{"start":{"line":124,"column":15},"end":{"line":124,"column":25}},"loc":{"start":{"line":124,"column":51},"end":{"line":136,"column":1}},"line":124},"18":{"name":"addClass","decl":{"start":{"line":138,"column":15},"end":{"line":138,"column":23}},"loc":{"start":{"line":138,"column":31},"end":{"line":141,"column":1}},"line":138},"19":{"name":"editClass","decl":{"start":{"line":143,"column":15},"end":{"line":143,"column":24}},"loc":{"start":{"line":143,"column":48},"end":{"line":146,"column":1}},"line":143},"20":{"name":"findClassById","decl":{"start":{"line":148,"column":15},"end":{"line":148,"column":28}},"loc":{"start":{"line":148,"column":33},"end":{"line":150,"column":1}},"line":148},"21":{"name":"deleteClassById","decl":{"start":{"line":152,"column":15},"end":{"line":152,"column":30}},"loc":{"start":{"line":152,"column":35},"end":{"line":154,"column":1}},"line":152},"22":{"name":"getTodoItems","decl":{"start":{"line":158,"column":15},"end":{"line":158,"column":27}},"loc":{"start":{"line":158,"column":45},"end":{"line":167,"column":1}},"line":158},"23":{"name":"addTodoItem","decl":{"start":{"line":169,"column":15},"end":{"line":169,"column":26}},"loc":{"start":{"line":169,"column":33},"end":{"line":172,"column":1}},"line":169},"24":{"name":"editTodoItem","decl":{"start":{"line":174,"column":15},"end":{"line":174,"column":27}},"loc":{"start":{"line":174,"column":49},"end":{"line":177,"column":1}},"line":174},"25":{"name":"findTodoItemById","decl":{"start":{"line":179,"column":15},"end":{"line":179,"column":31}},"loc":{"start":{"line":179,"column":36},"end":{"line":181,"column":1}},"line":179},"26":{"name":"deleteTodoItemById","decl":{"start":{"line":183,"column":15},"end":{"line":183,"column":33}},"loc":{"start":{"line":183,"column":38},"end":{"line":185,"column":1}},"line":183}},"branchMap":{"0":{"loc":{"start":{"line":24,"column":4},"end":{"line":34,"column":5}},"type":"if","locations":[{"start":{"line":24,"column":4},"end":{"line":34,"column":5}},{"start":{"line":30,"column":11},"end":{"line":34,"column":5}}],"line":24},"1":{"loc":{"start":{"line":24,"column":8},"end":{"line":24,"column":28}},"type":"binary-expr","locations":[{"start":{"line":24,"column":8},"end":{"line":24,"column":16}},{"start":{"line":24,"column":20},"end":{"line":24,"column":28}}],"line":24},"2":{"loc":{"start":{"line":30,"column":11},"end":{"line":34,"column":5}},"type":"if","locations":[{"start":{"line":30,"column":11},"end":{"line":34,"column":5}},{"start":{"line":32,"column":11},"end":{"line":34,"column":5}}],"line":30},"3":{"loc":{"start":{"line":32,"column":11},"end":{"line":34,"column":5}},"type":"if","locations":[{"start":{"line":32,"column":11},"end":{"line":34,"column":5}},{"start":{},"end":{}}],"line":32},"4":{"loc":{"start":{"line":64,"column":4},"end":{"line":66,"column":5}},"type":"if","locations":[{"start":{"line":64,"column":4},"end":{"line":66,"column":5}},{"start":{},"end":{}}],"line":64},"5":{"loc":{"start":{"line":67,"column":4},"end":{"line":69,"column":5}},"type":"if","locations":[{"start":{"line":67,"column":4},"end":{"line":69,"column":5}},{"start":{},"end":{}}],"line":67},"6":{"loc":{"start":{"line":70,"column":4},"end":{"line":72,"column":5}},"type":"if","locations":[{"start":{"line":70,"column":4},"end":{"line":72,"column":5}},{"start":{},"end":{}}],"line":70},"7":{"loc":{"start":{"line":98,"column":4},"end":{"line":100,"column":5}},"type":"if","locations":[{"start":{"line":98,"column":4},"end":{"line":100,"column":5}},{"start":{},"end":{}}],"line":98},"8":{"loc":{"start":{"line":126,"column":4},"end":{"line":128,"column":5}},"type":"if","locations":[{"start":{"line":126,"column":4},"end":{"line":128,"column":5}},{"start":{},"end":{}}],"line":126},"9":{"loc":{"start":{"line":129,"column":4},"end":{"line":131,"column":5}},"type":"if","locations":[{"start":{"line":129,"column":4},"end":{"line":131,"column":5}},{"start":{},"end":{}}],"line":129},"10":{"loc":{"start":{"line":132,"column":4},"end":{"line":134,"column":5}},"type":"if","locations":[{"start":{"line":132,"column":4},"end":{"line":134,"column":5}},{"start":{},"end":{}}],"line":132},"11":{"loc":{"start":{"line":160,"column":4},"end":{"line":162,"column":5}},"type":"if","locations":[{"start":{"line":160,"column":4},"end":{"line":162,"column":5}},{"start":{},"end":{}}],"line":160},"12":{"loc":{"start":{"line":163,"column":4},"end":{"line":165,"column":5}},"type":"if","locations":[{"start":{"line":163,"column":4},"end":{"line":165,"column":5}},{"start":{},"end":{}}],"line":163}},"s":{"0":5,"1":5,"2":0,"3":5,"4":5,"5":1,"6":1,"7":4,"8":1,"9":3,"10":1,"11":4,"12":2,"13":2,"14":2,"15":2,"16":2,"17":2,"18":5,"19":5,"20":2,"21":5,"22":2,"23":5,"24":2,"25":5,"26":2,"27":2,"28":2,"29":2,"30":2,"31":3,"32":3,"33":1,"34":3,"35":2,"36":2,"37":2,"38":2,"39":2,"40":2,"41":2,"42":1,"43":2,"44":1,"45":2,"46":1,"47":2,"48":2,"49":2,"50":2,"51":2,"52":2,"53":2,"54":2,"55":1,"56":2,"57":1,"58":2,"59":2,"60":2,"61":2,"62":2,"63":2},"f":{"0":0,"1":5,"2":2,"3":2,"4":2,"5":2,"6":2,"7":5,"8":2,"9":2,"10":2,"11":2,"12":3,"13":2,"14":2,"15":2,"16":2,"17":2,"18":2,"19":2,"20":2,"21":2,"22":2,"23":2,"24":2,"25":2,"26":2},"b":{"0":[1,4],"1":[5,2],"2":[1,3],"3":[1,2],"4":[2,3],"5":[2,3],"6":[2,3],"7":[1,2],"8":[1,1],"9":[1,1],"10":[1,1],"11":[1,1],"12":[1,1]},"_coverageSchema":"1a1c01bbd47fc00a2c39e90264f33305004495a9","hash":"fe1c2e02faa7a29af03622553fa3c480442ea860"}
,"C:\\Users\\Kevin\\Classwork\\csc307\\polyPlanner\\packages\\express-backend\\todo-item.js": {"path":"C:\\Users\\Kevin\\Classwork\\csc307\\polyPlanner\\packages\\express-backend\\todo-item.js","statementMap":{"0":{"start":{"line":4,"column":19},"end":{"line":27,"column":1}},"1":{"start":{"line":29,"column":13},"end":{"line":29,"column":47}}},"fnMap":{},"branchMap":{},"s":{"0":5,"1":5},"f":{},"b":{},"_coverageSchema":"1a1c01bbd47fc00a2c39e90264f33305004495a9","hash":"b2181051612fc1d2318c6f3d438d27fc623aed82"}
,"C:\\Users\\Kevin\\Classwork\\csc307\\polyPlanner\\packages\\express-backend\\user.js": {"path":"C:\\Users\\Kevin\\Classwork\\csc307\\polyPlanner\\packages\\express-backend\\user.js","statementMap":{"0":{"start":{"line":4,"column":19},"end":{"line":49,"column":1}},"1":{"start":{"line":51,"column":13},"end":{"line":51,"column":47}}},"fnMap":{},"branchMap":{},"s":{"0":6,"1":6},"f":{},"b":{},"_coverageSchema":"1a1c01bbd47fc00a2c39e90264f33305004495a9","hash":"6c745d80aba813b2d4815d9131b6e714cd9bfd90"}
}
