{"C:\\Users\\Maxsc\\307_Project\\csc307_154734\\packages\\react-frontend\\src\\components\\Login.css": {"path":"C:\\Users\\Maxsc\\307_Project\\csc307_154734\\packages\\react-frontend\\src\\components\\Login.css","statementMap":{},"fnMap":{},"branchMap":{},"s":{},"f":{},"b":{},"_coverageSchema":"1a1c01bbd47fc00a2c39e90264f33305004495a9","hash":"0dac81a86415ef1e358008ab6ea57a76f6a15055"}
,"C:\\Users\\Maxsc\\307_Project\\csc307_154734\\packages\\react-frontend\\src\\components\\Settings.css": {"path":"C:\\Users\\Maxsc\\307_Project\\csc307_154734\\packages\\react-frontend\\src\\components\\Settings.css","statementMap":{},"fnMap":{},"branchMap":{},"s":{},"f":{},"b":{},"_coverageSchema":"1a1c01bbd47fc00a2c39e90264f33305004495a9","hash":"ed0061a2783616760d43afa200b18d5a45a8373e"}
,"C:\\Users\\Maxsc\\307_Project\\csc307_154734\\packages\\react-frontend\\src\\components\\SignUp.css": {"path":"C:\\Users\\Maxsc\\307_Project\\csc307_154734\\packages\\react-frontend\\src\\components\\SignUp.css","statementMap":{},"fnMap":{},"branchMap":{},"s":{},"f":{},"b":{},"_coverageSchema":"1a1c01bbd47fc00a2c39e90264f33305004495a9","hash":"d9f31111beeed371eda9e2abbb15f74c36c82547"}
,"C:\\Users\\Maxsc\\307_Project\\csc307_154734\\packages\\react-frontend\\src\\components\\ToDo.css": {"path":"C:\\Users\\Maxsc\\307_Project\\csc307_154734\\packages\\react-frontend\\src\\components\\ToDo.css","statementMap":{},"fnMap":{},"branchMap":{},"s":{},"f":{},"b":{},"_coverageSchema":"1a1c01bbd47fc00a2c39e90264f33305004495a9","hash":"a97505e75e15ab770fe616040458e42e1d834ab1"}
,"C:\\Users\\Maxsc\\307_Project\\csc307_154734\\packages\\react-frontend\\src\\components\\general.css": {"path":"C:\\Users\\Maxsc\\307_Project\\csc307_154734\\packages\\react-frontend\\src\\components\\general.css","statementMap":{},"fnMap":{},"branchMap":{},"s":{},"f":{},"b":{},"_coverageSchema":"1a1c01bbd47fc00a2c39e90264f33305004495a9","hash":"3a60fc2d9174c53b8f07342b0f2edf8c3e0342dd"}
,"C:\\Users\\Maxsc\\307_Project\\csc307_154734\\packages\\react-frontend\\src\\pages\\Clock.jsx": {"path":"C:\\Users\\Maxsc\\307_Project\\csc307_154734\\packages\\react-frontend\\src\\pages\\Clock.jsx","statementMap":{"0":{"start":{"line":5,"column":28},"end":{"line":5,"column":48}},"1":{"start":{"line":8,"column":4},"end":{"line":14,"column":11}},"2":{"start":{"line":9,"column":25},"end":{"line":11,"column":16}},"3":{"start":{"line":10,"column":12},"end":{"line":10,"column":32}},"4":{"start":{"line":13,"column":8},"end":{"line":13,"column":45}},"5":{"start":{"line":13,"column":21},"end":{"line":13,"column":44}},"6":{"start":{"line":22,"column":4},"end":{"line":29,"column":6}}},"fnMap":{"0":{"name":"Clock","decl":{"start":{"line":3,"column":9},"end":{"line":3,"column":14}},"loc":{"start":{"line":3,"column":17},"end":{"line":30,"column":1}},"line":3},"1":{"name":"(anonymous_1)","decl":{"start":{"line":8,"column":14},"end":{"line":8,"column":15}},"loc":{"start":{"line":8,"column":20},"end":{"line":14,"column":5}},"line":8},"2":{"name":"(anonymous_2)","decl":{"start":{"line":9,"column":37},"end":{"line":9,"column":38}},"loc":{"start":{"line":9,"column":43},"end":{"line":11,"column":9}},"line":9},"3":{"name":"(anonymous_3)","decl":{"start":{"line":13,"column":15},"end":{"line":13,"column":16}},"loc":{"start":{"line":13,"column":21},"end":{"line":13,"column":44}},"line":13}},"branchMap":{},"s":{"0":0,"1":0,"2":0,"3":0,"4":0,"5":0,"6":0},"f":{"0":0,"1":0,"2":0,"3":0},"b":{},"_coverageSchema":"1a1c01bbd47fc00a2c39e90264f33305004495a9","hash":"1e90ee1454da3acd9bff66523af57557d4abcf99"}
,"C:\\Users\\Maxsc\\307_Project\\csc307_154734\\packages\\react-frontend\\src\\pages\\Dropdown.jsx": {"path":"C:\\Users\\Maxsc\\307_Project\\csc307_154734\\packages\\react-frontend\\src\\pages\\Dropdown.jsx","statementMap":{"0":{"start":{"line":5,"column":46},"end":{"line":5,"column":56}},"1":{"start":{"line":6,"column":30},"end":{"line":6,"column":45}},"2":{"start":{"line":7,"column":20},"end":{"line":7,"column":23}},"3":{"start":{"line":9,"column":36},"end":{"line":14,"column":6}},"4":{"start":{"line":16,"column":38},"end":{"line":24,"column":6}},"5":{"start":{"line":26,"column":38},"end":{"line":34,"column":6}},"6":{"start":{"line":36,"column":44},"end":{"line":40,"column":6}},"7":{"start":{"line":42,"column":4},"end":{"line":54,"column":11}},"8":{"start":{"line":43,"column":8},"end":{"line":53,"column":15}},"9":{"start":{"line":45,"column":27},"end":{"line":45,"column":37}},"10":{"start":{"line":47,"column":34},"end":{"line":47,"column":53}},"11":{"start":{"line":48,"column":16},"end":{"line":48,"column":46}},"12":{"start":{"line":51,"column":16},"end":{"line":51,"column":35}},"13":{"start":{"line":52,"column":16},"end":{"line":52,"column":66}},"14":{"start":{"line":56,"column":4},"end":{"line":68,"column":11}},"15":{"start":{"line":57,"column":8},"end":{"line":67,"column":15}},"16":{"start":{"line":59,"column":27},"end":{"line":59,"column":37}},"17":{"start":{"line":61,"column":32},"end":{"line":61,"column":49}},"18":{"start":{"line":62,"column":16},"end":{"line":62,"column":42}},"19":{"start":{"line":65,"column":16},"end":{"line":65,"column":35}},"20":{"start":{"line":66,"column":16},"end":{"line":66,"column":66}},"21":{"start":{"line":70,"column":4},"end":{"line":82,"column":11}},"22":{"start":{"line":71,"column":8},"end":{"line":81,"column":15}},"23":{"start":{"line":73,"column":27},"end":{"line":73,"column":37}},"24":{"start":{"line":75,"column":31},"end":{"line":75,"column":47}},"25":{"start":{"line":76,"column":16},"end":{"line":76,"column":40}},"26":{"start":{"line":79,"column":16},"end":{"line":79,"column":35}},"27":{"start":{"line":80,"column":16},"end":{"line":80,"column":66}},"28":{"start":{"line":84,"column":4},"end":{"line":98,"column":11}},"29":{"start":{"line":85,"column":8},"end":{"line":97,"column":15}},"30":{"start":{"line":87,"column":27},"end":{"line":87,"column":37}},"31":{"start":{"line":89,"column":36},"end":{"line":91,"column":17}},"32":{"start":{"line":90,"column":30},"end":{"line":90,"column":71}},"33":{"start":{"line":92,"column":16},"end":{"line":92,"column":44}},"34":{"start":{"line":95,"column":16},"end":{"line":95,"column":35}},"35":{"start":{"line":96,"column":16},"end":{"line":96,"column":66}},"36":{"start":{"line":100,"column":4},"end":{"line":112,"column":11}},"37":{"start":{"line":101,"column":8},"end":{"line":111,"column":15}},"38":{"start":{"line":103,"column":27},"end":{"line":103,"column":37}},"39":{"start":{"line":105,"column":29},"end":{"line":105,"column":40}},"40":{"start":{"line":106,"column":16},"end":{"line":106,"column":36}},"41":{"start":{"line":109,"column":16},"end":{"line":109,"column":35}},"42":{"start":{"line":110,"column":16},"end":{"line":110,"column":66}},"43":{"start":{"line":114,"column":33},"end":{"line":127,"column":5}},"44":{"start":{"line":115,"column":18},"end":{"line":115,"column":36}},"45":{"start":{"line":116,"column":8},"end":{"line":116,"column":30}},"46":{"start":{"line":117,"column":8},"end":{"line":126,"column":9}},"47":{"start":{"line":123,"column":12},"end":{"line":123,"column":27}},"48":{"start":{"line":129,"column":30},"end":{"line":153,"column":5}},"49":{"start":{"line":130,"column":30},"end":{"line":130,"column":42}},"50":{"start":{"line":132,"column":8},"end":{"line":152,"column":9}},"51":{"start":{"line":133,"column":12},"end":{"line":136,"column":16}},"52":{"start":{"line":133,"column":40},"end":{"line":136,"column":13}},"53":{"start":{"line":137,"column":15},"end":{"line":152,"column":9}},"54":{"start":{"line":138,"column":12},"end":{"line":141,"column":16}},"55":{"start":{"line":138,"column":40},"end":{"line":141,"column":13}},"56":{"start":{"line":142,"column":15},"end":{"line":152,"column":9}},"57":{"start":{"line":143,"column":12},"end":{"line":146,"column":16}},"58":{"start":{"line":143,"column":43},"end":{"line":146,"column":13}},"59":{"start":{"line":147,"column":15},"end":{"line":152,"column":9}},"60":{"start":{"line":148,"column":12},"end":{"line":151,"column":16}},"61":{"start":{"line":148,"column":39},"end":{"line":151,"column":13}},"62":{"start":{"line":155,"column":25},"end":{"line":172,"column":5}},"63":{"start":{"line":156,"column":8},"end":{"line":156,"column":31}},"64":{"start":{"line":158,"column":8},"end":{"line":170,"column":9}},"65":{"start":{"line":159,"column":12},"end":{"line":159,"column":42}},"66":{"start":{"line":160,"column":12},"end":{"line":160,"column":56}},"67":{"start":{"line":161,"column":15},"end":{"line":170,"column":9}},"68":{"start":{"line":162,"column":12},"end":{"line":162,"column":48}},"69":{"start":{"line":163,"column":12},"end":{"line":163,"column":62}},"70":{"start":{"line":164,"column":15},"end":{"line":170,"column":9}},"71":{"start":{"line":165,"column":12},"end":{"line":165,"column":40}},"72":{"start":{"line":166,"column":12},"end":{"line":166,"column":60}},"73":{"start":{"line":167,"column":15},"end":{"line":170,"column":9}},"74":{"start":{"line":168,"column":12},"end":{"line":168,"column":43}},"75":{"start":{"line":169,"column":12},"end":{"line":169,"column":56}},"76":{"start":{"line":171,"column":8},"end":{"line":171,"column":24}},"77":{"start":{"line":175,"column":8},"end":{"line":347,"column":9}},"78":{"start":{"line":176,"column":12},"end":{"line":234,"column":14}},"79":{"start":{"line":235,"column":15},"end":{"line":347,"column":9}},"80":{"start":{"line":236,"column":12},"end":{"line":258,"column":14}},"81":{"start":{"line":259,"column":15},"end":{"line":347,"column":9}},"82":{"start":{"line":260,"column":12},"end":{"line":284,"column":14}},"83":{"start":{"line":285,"column":15},"end":{"line":347,"column":9}},"84":{"start":{"line":286,"column":12},"end":{"line":344,"column":14}},"85":{"start":{"line":346,"column":12},"end":{"line":346,"column":24}},"86":{"start":{"line":350,"column":4},"end":{"line":370,"column":6}},"87":{"start":{"line":358,"column":20},"end":{"line":360,"column":29}},"88":{"start":{"line":363,"column":55},"end":{"line":363,"column":70}}},"fnMap":{"0":{"name":"Dropdown","decl":{"start":{"line":4,"column":9},"end":{"line":4,"column":17}},"loc":{"start":{"line":4,"column":35},"end":{"line":371,"column":1}},"line":4},"1":{"name":"(anonymous_1)","decl":{"start":{"line":42,"column":14},"end":{"line":42,"column":15}},"loc":{"start":{"line":42,"column":20},"end":{"line":54,"column":5}},"line":42},"2":{"name":"(anonymous_2)","decl":{"start":{"line":45,"column":18},"end":{"line":45,"column":19}},"loc":{"start":{"line":45,"column":27},"end":{"line":45,"column":37}},"line":45},"3":{"name":"(anonymous_3)","decl":{"start":{"line":46,"column":18},"end":{"line":46,"column":19}},"loc":{"start":{"line":46,"column":28},"end":{"line":49,"column":13}},"line":46},"4":{"name":"(anonymous_4)","decl":{"start":{"line":50,"column":19},"end":{"line":50,"column":20}},"loc":{"start":{"line":50,"column":30},"end":{"line":53,"column":13}},"line":50},"5":{"name":"(anonymous_5)","decl":{"start":{"line":56,"column":14},"end":{"line":56,"column":15}},"loc":{"start":{"line":56,"column":20},"end":{"line":68,"column":5}},"line":56},"6":{"name":"(anonymous_6)","decl":{"start":{"line":59,"column":18},"end":{"line":59,"column":19}},"loc":{"start":{"line":59,"column":27},"end":{"line":59,"column":37}},"line":59},"7":{"name":"(anonymous_7)","decl":{"start":{"line":60,"column":18},"end":{"line":60,"column":19}},"loc":{"start":{"line":60,"column":28},"end":{"line":63,"column":13}},"line":60},"8":{"name":"(anonymous_8)","decl":{"start":{"line":64,"column":19},"end":{"line":64,"column":20}},"loc":{"start":{"line":64,"column":30},"end":{"line":67,"column":13}},"line":64},"9":{"name":"(anonymous_9)","decl":{"start":{"line":70,"column":14},"end":{"line":70,"column":15}},"loc":{"start":{"line":70,"column":20},"end":{"line":82,"column":5}},"line":70},"10":{"name":"(anonymous_10)","decl":{"start":{"line":73,"column":18},"end":{"line":73,"column":19}},"loc":{"start":{"line":73,"column":27},"end":{"line":73,"column":37}},"line":73},"11":{"name":"(anonymous_11)","decl":{"start":{"line":74,"column":18},"end":{"line":74,"column":19}},"loc":{"start":{"line":74,"column":28},"end":{"line":77,"column":13}},"line":74},"12":{"name":"(anonymous_12)","decl":{"start":{"line":78,"column":19},"end":{"line":78,"column":20}},"loc":{"start":{"line":78,"column":30},"end":{"line":81,"column":13}},"line":78},"13":{"name":"(anonymous_13)","decl":{"start":{"line":84,"column":14},"end":{"line":84,"column":15}},"loc":{"start":{"line":84,"column":20},"end":{"line":98,"column":5}},"line":84},"14":{"name":"(anonymous_14)","decl":{"start":{"line":87,"column":18},"end":{"line":87,"column":19}},"loc":{"start":{"line":87,"column":27},"end":{"line":87,"column":37}},"line":87},"15":{"name":"(anonymous_15)","decl":{"start":{"line":88,"column":18},"end":{"line":88,"column":19}},"loc":{"start":{"line":88,"column":28},"end":{"line":93,"column":13}},"line":88},"16":{"name":"(anonymous_16)","decl":{"start":{"line":90,"column":20},"end":{"line":90,"column":21}},"loc":{"start":{"line":90,"column":30},"end":{"line":90,"column":71}},"line":90},"17":{"name":"(anonymous_17)","decl":{"start":{"line":94,"column":19},"end":{"line":94,"column":20}},"loc":{"start":{"line":94,"column":30},"end":{"line":97,"column":13}},"line":94},"18":{"name":"(anonymous_18)","decl":{"start":{"line":100,"column":14},"end":{"line":100,"column":15}},"loc":{"start":{"line":100,"column":20},"end":{"line":112,"column":5}},"line":100},"19":{"name":"(anonymous_19)","decl":{"start":{"line":103,"column":18},"end":{"line":103,"column":19}},"loc":{"start":{"line":103,"column":27},"end":{"line":103,"column":37}},"line":103},"20":{"name":"(anonymous_20)","decl":{"start":{"line":104,"column":18},"end":{"line":104,"column":19}},"loc":{"start":{"line":104,"column":28},"end":{"line":107,"column":13}},"line":104},"21":{"name":"(anonymous_21)","decl":{"start":{"line":108,"column":19},"end":{"line":108,"column":20}},"loc":{"start":{"line":108,"column":30},"end":{"line":111,"column":13}},"line":108},"22":{"name":"(anonymous_22)","decl":{"start":{"line":114,"column":33},"end":{"line":114,"column":34}},"loc":{"start":{"line":114,"column":44},"end":{"line":127,"column":5}},"line":114},"23":{"name":"(anonymous_23)","decl":{"start":{"line":129,"column":30},"end":{"line":129,"column":31}},"loc":{"start":{"line":129,"column":41},"end":{"line":153,"column":5}},"line":129},"24":{"name":"(anonymous_24)","decl":{"start":{"line":133,"column":25},"end":{"line":133,"column":26}},"loc":{"start":{"line":133,"column":40},"end":{"line":136,"column":13}},"line":133},"25":{"name":"(anonymous_25)","decl":{"start":{"line":138,"column":25},"end":{"line":138,"column":26}},"loc":{"start":{"line":138,"column":40},"end":{"line":141,"column":13}},"line":138},"26":{"name":"(anonymous_26)","decl":{"start":{"line":143,"column":28},"end":{"line":143,"column":29}},"loc":{"start":{"line":143,"column":43},"end":{"line":146,"column":13}},"line":143},"27":{"name":"(anonymous_27)","decl":{"start":{"line":148,"column":24},"end":{"line":148,"column":25}},"loc":{"start":{"line":148,"column":39},"end":{"line":151,"column":13}},"line":148},"28":{"name":"(anonymous_28)","decl":{"start":{"line":155,"column":25},"end":{"line":155,"column":26}},"loc":{"start":{"line":155,"column":36},"end":{"line":172,"column":5}},"line":155},"29":{"name":"create","decl":{"start":{"line":174,"column":13},"end":{"line":174,"column":19}},"loc":{"start":{"line":174,"column":25},"end":{"line":348,"column":5}},"line":174},"30":{"name":"(anonymous_30)","decl":{"start":{"line":357,"column":29},"end":{"line":357,"column":30}},"loc":{"start":{"line":358,"column":20},"end":{"line":360,"column":29}},"line":358},"31":{"name":"(anonymous_31)","decl":{"start":{"line":363,"column":49},"end":{"line":363,"column":50}},"loc":{"start":{"line":363,"column":55},"end":{"line":363,"column":70}},"line":363}},"branchMap":{"0":{"loc":{"start":{"line":4,"column":25},"end":{"line":4,"column":33}},"type":"default-arg","locations":[{"start":{"line":4,"column":31},"end":{"line":4,"column":33}}],"line":4},"1":{"loc":{"start":{"line":117,"column":8},"end":{"line":126,"column":9}},"type":"if","locations":[{"start":{"line":117,"column":8},"end":{"line":126,"column":9}},{"start":{"line":124,"column":15},"end":{"line":126,"column":9}}],"line":117},"2":{"loc":{"start":{"line":118,"column":12},"end":{"line":121,"column":27}},"type":"binary-expr","locations":[{"start":{"line":118,"column":12},"end":{"line":118,"column":27}},{"start":{"line":119,"column":12},"end":{"line":119,"column":30}},{"start":{"line":120,"column":12},"end":{"line":120,"column":32}},{"start":{"line":121,"column":12},"end":{"line":121,"column":27}}],"line":118},"3":{"loc":{"start":{"line":132,"column":8},"end":{"line":152,"column":9}},"type":"if","locations":[{"start":{"line":132,"column":8},"end":{"line":152,"column":9}},{"start":{"line":137,"column":15},"end":{"line":152,"column":9}}],"line":132},"4":{"loc":{"start":{"line":137,"column":15},"end":{"line":152,"column":9}},"type":"if","locations":[{"start":{"line":137,"column":15},"end":{"line":152,"column":9}},{"start":{"line":142,"column":15},"end":{"line":152,"column":9}}],"line":137},"5":{"loc":{"start":{"line":142,"column":15},"end":{"line":152,"column":9}},"type":"if","locations":[{"start":{"line":142,"column":15},"end":{"line":152,"column":9}},{"start":{"line":147,"column":15},"end":{"line":152,"column":9}}],"line":142},"6":{"loc":{"start":{"line":147,"column":15},"end":{"line":152,"column":9}},"type":"if","locations":[{"start":{"line":147,"column":15},"end":{"line":152,"column":9}},{"start":{},"end":{}}],"line":147},"7":{"loc":{"start":{"line":158,"column":8},"end":{"line":170,"column":9}},"type":"if","locations":[{"start":{"line":158,"column":8},"end":{"line":170,"column":9}},{"start":{"line":161,"column":15},"end":{"line":170,"column":9}}],"line":158},"8":{"loc":{"start":{"line":161,"column":15},"end":{"line":170,"column":9}},"type":"if","locations":[{"start":{"line":161,"column":15},"end":{"line":170,"column":9}},{"start":{"line":164,"column":15},"end":{"line":170,"column":9}}],"line":161},"9":{"loc":{"start":{"line":164,"column":15},"end":{"line":170,"column":9}},"type":"if","locations":[{"start":{"line":164,"column":15},"end":{"line":170,"column":9}},{"start":{"line":167,"column":15},"end":{"line":170,"column":9}}],"line":164},"10":{"loc":{"start":{"line":167,"column":15},"end":{"line":170,"column":9}},"type":"if","locations":[{"start":{"line":167,"column":15},"end":{"line":170,"column":9}},{"start":{},"end":{}}],"line":167},"11":{"loc":{"start":{"line":175,"column":8},"end":{"line":347,"column":9}},"type":"if","locations":[{"start":{"line":175,"column":8},"end":{"line":347,"column":9}},{"start":{"line":235,"column":15},"end":{"line":347,"column":9}}],"line":175},"12":{"loc":{"start":{"line":235,"column":15},"end":{"line":347,"column":9}},"type":"if","locations":[{"start":{"line":235,"column":15},"end":{"line":347,"column":9}},{"start":{"line":259,"column":15},"end":{"line":347,"column":9}}],"line":235},"13":{"loc":{"start":{"line":259,"column":15},"end":{"line":347,"column":9}},"type":"if","locations":[{"start":{"line":259,"column":15},"end":{"line":347,"column":9}},{"start":{"line":285,"column":15},"end":{"line":347,"column":9}}],"line":259},"14":{"loc":{"start":{"line":285,"column":15},"end":{"line":347,"column":9}},"type":"if","locations":[{"start":{"line":285,"column":15},"end":{"line":347,"column":9}},{"start":{"line":345,"column":15},"end":{"line":347,"column":9}}],"line":285}},"s":{"0":12,"1":12,"2":12,"3":12,"4":12,"5":12,"6":12,"7":12,"8":0,"9":0,"10":0,"11":0,"12":0,"13":0,"14":12,"15":0,"16":0,"17":0,"18":0,"19":0,"20":0,"21":12,"22":0,"23":0,"24":0,"25":0,"26":0,"27":0,"28":12,"29":0,"30":0,"31":0,"32":0,"33":0,"34":0,"35":0,"36":12,"37":0,"38":0,"39":0,"40":0,"41":0,"42":0,"43":12,"44":0,"45":0,"46":0,"47":0,"48":12,"49":0,"50":0,"51":0,"52":0,"53":0,"54":0,"55":0,"56":0,"57":0,"58":0,"59":0,"60":0,"61":0,"62":12,"63":0,"64":0,"65":0,"66":0,"67":0,"68":0,"69":0,"70":0,"71":0,"72":0,"73":0,"74":0,"75":0,"76":0,"77":12,"78":0,"79":12,"80":0,"81":12,"82":0,"83":12,"84":0,"85":12,"86":12,"87":44,"88":0},"f":{"0":12,"1":0,"2":0,"3":0,"4":0,"5":0,"6":0,"7":0,"8":0,"9":0,"10":0,"11":0,"12":0,"13":0,"14":0,"15":0,"16":0,"17":0,"18":0,"19":0,"20":0,"21":0,"22":0,"23":0,"24":0,"25":0,"26":0,"27":0,"28":0,"29":12,"30":44,"31":0},"b":{"0":[0],"1":[0,0],"2":[0,0,0,0],"3":[0,0],"4":[0,0],"5":[0,0],"6":[0,0],"7":[0,0],"8":[0,0],"9":[0,0],"10":[0,0],"11":[0,12],"12":[0,12],"13":[0,12],"14":[0,12]},"_coverageSchema":"1a1c01bbd47fc00a2c39e90264f33305004495a9","hash":"20bd245f7b7e4682e823f6aa845769fbf84c28d9"}
,"C:\\Users\\Maxsc\\307_Project\\csc307_154734\\packages\\react-frontend\\src\\pages\\Login.jsx": {"path":"C:\\Users\\Maxsc\\307_Project\\csc307_154734\\packages\\react-frontend\\src\\pages\\Login.jsx","statementMap":{"0":{"start":{"line":6,"column":30},"end":{"line":15,"column":6}},"1":{"start":{"line":17,"column":21},"end":{"line":17,"column":34}},"2":{"start":{"line":20,"column":32},"end":{"line":20,"column":44}},"3":{"start":{"line":21,"column":8},"end":{"line":28,"column":9}},"4":{"start":{"line":23,"column":16},"end":{"line":23,"column":56}},"5":{"start":{"line":24,"column":16},"end":{"line":24,"column":22}},"6":{"start":{"line":26,"column":16},"end":{"line":26,"column":51}},"7":{"start":{"line":27,"column":16},"end":{"line":27,"column":22}},"8":{"start":{"line":32,"column":8},"end":{"line":32,"column":28}},"9":{"start":{"line":36,"column":8},"end":{"line":41,"column":11}},"10":{"start":{"line":37,"column":12},"end":{"line":40,"column":13}},"11":{"start":{"line":38,"column":16},"end":{"line":38,"column":53}},"12":{"start":{"line":39,"column":16},"end":{"line":39,"column":37}},"13":{"start":{"line":42,"column":8},"end":{"line":42,"column":44}},"14":{"start":{"line":45,"column":4},"end":{"line":90,"column":6}}},"fnMap":{"0":{"name":"Login","decl":{"start":{"line":5,"column":9},"end":{"line":5,"column":14}},"loc":{"start":{"line":5,"column":22},"end":{"line":91,"column":1}},"line":5},"1":{"name":"handleChange","decl":{"start":{"line":19,"column":13},"end":{"line":19,"column":25}},"loc":{"start":{"line":19,"column":33},"end":{"line":29,"column":5}},"line":19},"2":{"name":"handleRegister","decl":{"start":{"line":31,"column":13},"end":{"line":31,"column":27}},"loc":{"start":{"line":31,"column":30},"end":{"line":33,"column":5}},"line":31},"3":{"name":"submitForm","decl":{"start":{"line":35,"column":13},"end":{"line":35,"column":23}},"loc":{"start":{"line":35,"column":26},"end":{"line":43,"column":5}},"line":35},"4":{"name":"(anonymous_4)","decl":{"start":{"line":36,"column":39},"end":{"line":36,"column":40}},"loc":{"start":{"line":36,"column":53},"end":{"line":41,"column":9}},"line":36}},"branchMap":{"0":{"loc":{"start":{"line":21,"column":8},"end":{"line":28,"column":9}},"type":"switch","locations":[{"start":{"line":22,"column":12},"end":{"line":24,"column":22}},{"start":{"line":25,"column":12},"end":{"line":27,"column":22}}],"line":21},"1":{"loc":{"start":{"line":37,"column":12},"end":{"line":40,"column":13}},"type":"if","locations":[{"start":{"line":37,"column":12},"end":{"line":40,"column":13}},{"start":{},"end":{}}],"line":37},"2":{"loc":{"start":{"line":76,"column":13},"end":{"line":78,"column":13}},"type":"binary-expr","locations":[{"start":{"line":76,"column":13},"end":{"line":76,"column":26}},{"start":{"line":77,"column":16},"end":{"line":77,"column":74}}],"line":76}},"s":{"0":1,"1":1,"2":0,"3":0,"4":0,"5":0,"6":0,"7":0,"8":0,"9":0,"10":0,"11":0,"12":0,"13":0,"14":1},"f":{"0":1,"1":0,"2":0,"3":0,"4":0},"b":{"0":[0,0],"1":[0,0],"2":[1,0]},"_coverageSchema":"1a1c01bbd47fc00a2c39e90264f33305004495a9","hash":"d475e38cc369ba710d785143815d812e4bf441db"}
,"C:\\Users\\Maxsc\\307_Project\\csc307_154734\\packages\\react-frontend\\src\\pages\\Popup.jsx": {"path":"C:\\Users\\Maxsc\\307_Project\\csc307_154734\\packages\\react-frontend\\src\\pages\\Popup.jsx","statementMap":{"0":{"start":{"line":4,"column":16},"end":{"line":4,"column":24}},"1":{"start":{"line":6,"column":4},"end":{"line":12,"column":20}},"2":{"start":{"line":7,"column":8},"end":{"line":11,"column":9}},"3":{"start":{"line":8,"column":12},"end":{"line":8,"column":32}},"4":{"start":{"line":10,"column":12},"end":{"line":10,"column":33}},"5":{"start":{"line":14,"column":4},"end":{"line":19,"column":6}}},"fnMap":{"0":{"name":"Popup","decl":{"start":{"line":3,"column":9},"end":{"line":3,"column":14}},"loc":{"start":{"line":3,"column":52},"end":{"line":20,"column":1}},"line":3},"1":{"name":"(anonymous_1)","decl":{"start":{"line":6,"column":14},"end":{"line":6,"column":15}},"loc":{"start":{"line":6,"column":20},"end":{"line":12,"column":5}},"line":6}},"branchMap":{"0":{"loc":{"start":{"line":7,"column":8},"end":{"line":11,"column":9}},"type":"if","locations":[{"start":{"line":7,"column":8},"end":{"line":11,"column":9}},{"start":{"line":9,"column":15},"end":{"line":11,"column":9}}],"line":7}},"s":{"0":0,"1":0,"2":0,"3":0,"4":0,"5":0},"f":{"0":0,"1":0},"b":{"0":[0,0]},"_coverageSchema":"1a1c01bbd47fc00a2c39e90264f33305004495a9","hash":"08f3a56c59ca4aada40fc3e17ba21713081897a0"}
,"C:\\Users\\Maxsc\\307_Project\\csc307_154734\\packages\\react-frontend\\src\\pages\\Settings.jsx": {"path":"C:\\Users\\Maxsc\\307_Project\\csc307_154734\\packages\\react-frontend\\src\\pages\\Settings.jsx","statementMap":{"0":{"start":{"line":7,"column":24},"end":{"line":17,"column":1}},"1":{"start":{"line":20,"column":50},"end":{"line":20,"column":68}},"2":{"start":{"line":21,"column":52},"end":{"line":23,"column":5}},"3":{"start":{"line":24,"column":58},"end":{"line":24,"column":77}},"4":{"start":{"line":25,"column":42},"end":{"line":25,"column":54}},"5":{"start":{"line":28,"column":29},"end":{"line":33,"column":5}},"6":{"start":{"line":36,"column":4},"end":{"line":47,"column":23}},"7":{"start":{"line":37,"column":8},"end":{"line":46,"column":15}},"8":{"start":{"line":39,"column":27},"end":{"line":39,"column":37}},"9":{"start":{"line":41,"column":16},"end":{"line":41,"column":43}},"10":{"start":{"line":42,"column":16},"end":{"line":42,"column":78}},"11":{"start":{"line":45,"column":16},"end":{"line":45,"column":35}},"12":{"start":{"line":50,"column":4},"end":{"line":56,"column":27}},"13":{"start":{"line":51,"column":8},"end":{"line":55,"column":9}},"14":{"start":{"line":52,"column":12},"end":{"line":52,"column":53}},"15":{"start":{"line":54,"column":12},"end":{"line":54,"column":56}},"16":{"start":{"line":59,"column":4},"end":{"line":65,"column":38}},"17":{"start":{"line":60,"column":8},"end":{"line":64,"column":9}},"18":{"start":{"line":61,"column":12},"end":{"line":61,"column":59}},"19":{"start":{"line":63,"column":12},"end":{"line":63,"column":62}},"20":{"start":{"line":68,"column":24},"end":{"line":99,"column":5}},"21":{"start":{"line":69,"column":28},"end":{"line":72,"column":9}},"22":{"start":{"line":74,"column":8},"end":{"line":98,"column":15}},"23":{"start":{"line":77,"column":16},"end":{"line":93,"column":17}},"24":{"start":{"line":78,"column":20},"end":{"line":78,"column":42}},"25":{"start":{"line":79,"column":20},"end":{"line":81,"column":22}},"26":{"start":{"line":82,"column":20},"end":{"line":82,"column":40}},"27":{"start":{"line":85,"column":20},"end":{"line":90,"column":21}},"28":{"start":{"line":86,"column":24},"end":{"line":89,"column":26}},"29":{"start":{"line":92,"column":20},"end":{"line":92,"column":69}},"30":{"start":{"line":96,"column":16},"end":{"line":96,"column":67}},"31":{"start":{"line":97,"column":16},"end":{"line":97,"column":35}},"32":{"start":{"line":102,"column":33},"end":{"line":128,"column":5}},"33":{"start":{"line":103,"column":8},"end":{"line":103,"column":42}},"34":{"start":{"line":104,"column":8},"end":{"line":104,"column":44}},"35":{"start":{"line":107,"column":28},"end":{"line":110,"column":9}},"36":{"start":{"line":111,"column":8},"end":{"line":127,"column":15}},"37":{"start":{"line":114,"column":16},"end":{"line":122,"column":17}},"38":{"start":{"line":115,"column":20},"end":{"line":115,"column":42}},"39":{"start":{"line":116,"column":20},"end":{"line":118,"column":22}},"40":{"start":{"line":119,"column":20},"end":{"line":119,"column":40}},"41":{"start":{"line":121,"column":20},"end":{"line":121,"column":69}},"42":{"start":{"line":125,"column":16},"end":{"line":125,"column":67}},"43":{"start":{"line":126,"column":16},"end":{"line":126,"column":35}},"44":{"start":{"line":131,"column":36},"end":{"line":157,"column":5}},"45":{"start":{"line":132,"column":35},"end":{"line":132,"column":53}},"46":{"start":{"line":133,"column":8},"end":{"line":133,"column":51}},"47":{"start":{"line":136,"column":28},"end":{"line":139,"column":9}},"48":{"start":{"line":140,"column":8},"end":{"line":156,"column":15}},"49":{"start":{"line":143,"column":16},"end":{"line":151,"column":17}},"50":{"start":{"line":144,"column":20},"end":{"line":144,"column":42}},"51":{"start":{"line":145,"column":20},"end":{"line":147,"column":22}},"52":{"start":{"line":148,"column":20},"end":{"line":148,"column":40}},"53":{"start":{"line":150,"column":20},"end":{"line":150,"column":69}},"54":{"start":{"line":154,"column":16},"end":{"line":154,"column":67}},"55":{"start":{"line":155,"column":16},"end":{"line":155,"column":35}},"56":{"start":{"line":160,"column":33},"end":{"line":180,"column":5}},"57":{"start":{"line":162,"column":28},"end":{"line":165,"column":9}},"58":{"start":{"line":166,"column":8},"end":{"line":179,"column":15}},"59":{"start":{"line":169,"column":16},"end":{"line":174,"column":17}},"60":{"start":{"line":170,"column":20},"end":{"line":170,"column":42}},"61":{"start":{"line":171,"column":20},"end":{"line":171,"column":65}},"62":{"start":{"line":173,"column":20},"end":{"line":173,"column":69}},"63":{"start":{"line":177,"column":16},"end":{"line":177,"column":67}},"64":{"start":{"line":178,"column":16},"end":{"line":178,"column":35}},"65":{"start":{"line":183,"column":34},"end":{"line":189,"column":5}},"66":{"start":{"line":184,"column":39},"end":{"line":184,"column":79}},"67":{"start":{"line":185,"column":8},"end":{"line":188,"column":9}},"68":{"start":{"line":186,"column":12},"end":{"line":186,"column":56}},"69":{"start":{"line":187,"column":12},"end":{"line":187,"column":70}},"70":{"start":{"line":192,"column":32},"end":{"line":301,"column":5}},"71":{"start":{"line":193,"column":8},"end":{"line":300,"column":10}},"72":{"start":{"line":196,"column":20},"end":{"line":279,"column":26}},"73":{"start":{"line":213,"column":48},"end":{"line":213,"column":68}},"74":{"start":{"line":228,"column":48},"end":{"line":230,"column":49}},"75":{"start":{"line":235,"column":52},"end":{"line":244,"column":61}},"76":{"start":{"line":257,"column":56},"end":{"line":259,"column":57}},"77":{"start":{"line":264,"column":60},"end":{"line":269,"column":69}},"78":{"start":{"line":288,"column":45},"end":{"line":288,"column":75}},"79":{"start":{"line":303,"column":4},"end":{"line":333,"column":6}},"80":{"start":{"line":312,"column":32},"end":{"line":320,"column":41}},"81":{"start":{"line":315,"column":51},"end":{"line":315,"column":78}}},"fnMap":{"0":{"name":"Settings","decl":{"start":{"line":19,"column":9},"end":{"line":19,"column":17}},"loc":{"start":{"line":19,"column":25},"end":{"line":334,"column":1}},"line":19},"1":{"name":"(anonymous_1)","decl":{"start":{"line":36,"column":14},"end":{"line":36,"column":15}},"loc":{"start":{"line":36,"column":20},"end":{"line":47,"column":5}},"line":36},"2":{"name":"(anonymous_2)","decl":{"start":{"line":39,"column":18},"end":{"line":39,"column":19}},"loc":{"start":{"line":39,"column":27},"end":{"line":39,"column":37}},"line":39},"3":{"name":"(anonymous_3)","decl":{"start":{"line":40,"column":18},"end":{"line":40,"column":19}},"loc":{"start":{"line":40,"column":28},"end":{"line":43,"column":13}},"line":40},"4":{"name":"(anonymous_4)","decl":{"start":{"line":44,"column":19},"end":{"line":44,"column":20}},"loc":{"start":{"line":44,"column":30},"end":{"line":46,"column":13}},"line":44},"5":{"name":"(anonymous_5)","decl":{"start":{"line":50,"column":14},"end":{"line":50,"column":15}},"loc":{"start":{"line":50,"column":20},"end":{"line":56,"column":5}},"line":50},"6":{"name":"(anonymous_6)","decl":{"start":{"line":59,"column":14},"end":{"line":59,"column":15}},"loc":{"start":{"line":59,"column":20},"end":{"line":65,"column":5}},"line":59},"7":{"name":"(anonymous_7)","decl":{"start":{"line":68,"column":24},"end":{"line":68,"column":25}},"loc":{"start":{"line":68,"column":40},"end":{"line":99,"column":5}},"line":68},"8":{"name":"(anonymous_8)","decl":{"start":{"line":76,"column":18},"end":{"line":76,"column":19}},"loc":{"start":{"line":76,"column":30},"end":{"line":94,"column":13}},"line":76},"9":{"name":"(anonymous_9)","decl":{"start":{"line":95,"column":19},"end":{"line":95,"column":20}},"loc":{"start":{"line":95,"column":30},"end":{"line":98,"column":13}},"line":95},"10":{"name":"(anonymous_10)","decl":{"start":{"line":102,"column":33},"end":{"line":102,"column":34}},"loc":{"start":{"line":102,"column":51},"end":{"line":128,"column":5}},"line":102},"11":{"name":"(anonymous_11)","decl":{"start":{"line":113,"column":18},"end":{"line":113,"column":19}},"loc":{"start":{"line":113,"column":30},"end":{"line":123,"column":13}},"line":113},"12":{"name":"(anonymous_12)","decl":{"start":{"line":124,"column":19},"end":{"line":124,"column":20}},"loc":{"start":{"line":124,"column":30},"end":{"line":127,"column":13}},"line":124},"13":{"name":"(anonymous_13)","decl":{"start":{"line":131,"column":36},"end":{"line":131,"column":37}},"loc":{"start":{"line":131,"column":47},"end":{"line":157,"column":5}},"line":131},"14":{"name":"(anonymous_14)","decl":{"start":{"line":142,"column":18},"end":{"line":142,"column":19}},"loc":{"start":{"line":142,"column":30},"end":{"line":152,"column":13}},"line":142},"15":{"name":"(anonymous_15)","decl":{"start":{"line":153,"column":19},"end":{"line":153,"column":20}},"loc":{"start":{"line":153,"column":30},"end":{"line":156,"column":13}},"line":153},"16":{"name":"(anonymous_16)","decl":{"start":{"line":160,"column":33},"end":{"line":160,"column":34}},"loc":{"start":{"line":160,"column":39},"end":{"line":180,"column":5}},"line":160},"17":{"name":"(anonymous_17)","decl":{"start":{"line":168,"column":18},"end":{"line":168,"column":19}},"loc":{"start":{"line":168,"column":30},"end":{"line":175,"column":13}},"line":168},"18":{"name":"(anonymous_18)","decl":{"start":{"line":176,"column":19},"end":{"line":176,"column":20}},"loc":{"start":{"line":176,"column":30},"end":{"line":179,"column":13}},"line":176},"19":{"name":"(anonymous_19)","decl":{"start":{"line":183,"column":34},"end":{"line":183,"column":35}},"loc":{"start":{"line":183,"column":52},"end":{"line":189,"column":5}},"line":183},"20":{"name":"(anonymous_20)","decl":{"start":{"line":192,"column":32},"end":{"line":192,"column":33}},"loc":{"start":{"line":192,"column":38},"end":{"line":301,"column":5}},"line":192},"21":{"name":"(anonymous_21)","decl":{"start":{"line":195,"column":63},"end":{"line":195,"column":64}},"loc":{"start":{"line":196,"column":20},"end":{"line":279,"column":26}},"line":196},"22":{"name":"(anonymous_22)","decl":{"start":{"line":212,"column":54},"end":{"line":212,"column":55}},"loc":{"start":{"line":213,"column":48},"end":{"line":213,"column":68}},"line":213},"23":{"name":"(anonymous_23)","decl":{"start":{"line":227,"column":54},"end":{"line":227,"column":55}},"loc":{"start":{"line":228,"column":48},"end":{"line":230,"column":49}},"line":228},"24":{"name":"(anonymous_24)","decl":{"start":{"line":234,"column":48},"end":{"line":234,"column":49}},"loc":{"start":{"line":235,"column":52},"end":{"line":244,"column":61}},"line":235},"25":{"name":"(anonymous_25)","decl":{"start":{"line":256,"column":62},"end":{"line":256,"column":63}},"loc":{"start":{"line":257,"column":56},"end":{"line":259,"column":57}},"line":257},"26":{"name":"(anonymous_26)","decl":{"start":{"line":263,"column":56},"end":{"line":263,"column":57}},"loc":{"start":{"line":264,"column":60},"end":{"line":269,"column":69}},"line":264},"27":{"name":"(anonymous_27)","decl":{"start":{"line":288,"column":38},"end":{"line":288,"column":39}},"loc":{"start":{"line":288,"column":45},"end":{"line":288,"column":75}},"line":288},"28":{"name":"(anonymous_28)","decl":{"start":{"line":311,"column":28},"end":{"line":311,"column":29}},"loc":{"start":{"line":312,"column":32},"end":{"line":320,"column":41}},"line":312},"29":{"name":"(anonymous_29)","decl":{"start":{"line":315,"column":45},"end":{"line":315,"column":46}},"loc":{"start":{"line":315,"column":51},"end":{"line":315,"column":78}},"line":315}},"branchMap":{"0":{"loc":{"start":{"line":42,"column":39},"end":{"line":42,"column":76}},"type":"binary-expr","locations":[{"start":{"line":42,"column":39},"end":{"line":42,"column":63}},{"start":{"line":42,"column":67},"end":{"line":42,"column":76}}],"line":42},"1":{"loc":{"start":{"line":51,"column":8},"end":{"line":55,"column":9}},"type":"if","locations":[{"start":{"line":51,"column":8},"end":{"line":55,"column":9}},{"start":{"line":53,"column":15},"end":{"line":55,"column":9}}],"line":51},"2":{"loc":{"start":{"line":60,"column":8},"end":{"line":64,"column":9}},"type":"if","locations":[{"start":{"line":60,"column":8},"end":{"line":64,"column":9}},{"start":{"line":62,"column":15},"end":{"line":64,"column":9}}],"line":60},"3":{"loc":{"start":{"line":77,"column":16},"end":{"line":93,"column":17}},"type":"if","locations":[{"start":{"line":77,"column":16},"end":{"line":93,"column":17}},{"start":{"line":91,"column":23},"end":{"line":93,"column":17}}],"line":77},"4":{"loc":{"start":{"line":85,"column":20},"end":{"line":90,"column":21}},"type":"if","locations":[{"start":{"line":85,"column":20},"end":{"line":90,"column":21}},{"start":{},"end":{}}],"line":85},"5":{"loc":{"start":{"line":114,"column":16},"end":{"line":122,"column":17}},"type":"if","locations":[{"start":{"line":114,"column":16},"end":{"line":122,"column":17}},{"start":{"line":120,"column":23},"end":{"line":122,"column":17}}],"line":114},"6":{"loc":{"start":{"line":143,"column":16},"end":{"line":151,"column":17}},"type":"if","locations":[{"start":{"line":143,"column":16},"end":{"line":151,"column":17}},{"start":{"line":149,"column":23},"end":{"line":151,"column":17}}],"line":143},"7":{"loc":{"start":{"line":169,"column":16},"end":{"line":174,"column":17}},"type":"if","locations":[{"start":{"line":169,"column":16},"end":{"line":174,"column":17}},{"start":{"line":172,"column":23},"end":{"line":174,"column":17}}],"line":169},"8":{"loc":{"start":{"line":185,"column":8},"end":{"line":188,"column":9}},"type":"if","locations":[{"start":{"line":185,"column":8},"end":{"line":188,"column":9}},{"start":{},"end":{}}],"line":185},"9":{"loc":{"start":{"line":195,"column":18},"end":{"line":195,"column":57}},"type":"binary-expr","locations":[{"start":{"line":195,"column":18},"end":{"line":195,"column":51}},{"start":{"line":195,"column":55},"end":{"line":195,"column":57}}],"line":195},"10":{"loc":{"start":{"line":197,"column":25},"end":{"line":278,"column":25}},"type":"cond-expr","locations":[{"start":{"line":203,"column":28},"end":{"line":219,"column":31}},{"start":{"line":221,"column":28},"end":{"line":277,"column":31}}],"line":197},"11":{"loc":{"start":{"line":204,"column":33},"end":{"line":218,"column":33}},"type":"cond-expr","locations":[{"start":{"line":205,"column":62},"end":{"line":205,"column":66}},{"start":{"line":206,"column":36},"end":{"line":217,"column":44}}],"line":204},"12":{"loc":{"start":{"line":204,"column":33},"end":{"line":205,"column":59}},"type":"binary-expr","locations":[{"start":{"line":204,"column":33},"end":{"line":204,"column":62}},{"start":{"line":205,"column":32},"end":{"line":205,"column":59}}],"line":204},"13":{"loc":{"start":{"line":210,"column":48},"end":{"line":210,"column":76}},"type":"binary-expr","locations":[{"start":{"line":210,"column":48},"end":{"line":210,"column":67}},{"start":{"line":210,"column":71},"end":{"line":210,"column":76}}],"line":210},"14":{"loc":{"start":{"line":222,"column":33},"end":{"line":276,"column":33}},"type":"cond-expr","locations":[{"start":{"line":223,"column":36},"end":{"line":248,"column":44}},{"start":{"line":250,"column":36},"end":{"line":275,"column":39}}],"line":222},"15":{"loc":{"start":{"line":251,"column":41},"end":{"line":274,"column":41}},"type":"binary-expr","locations":[{"start":{"line":251,"column":41},"end":{"line":251,"column":67}},{"start":{"line":252,"column":44},"end":{"line":273,"column":52}}],"line":251},"16":{"loc":{"start":{"line":282,"column":17},"end":{"line":298,"column":17}},"type":"binary-expr","locations":[{"start":{"line":282,"column":17},"end":{"line":282,"column":46}},{"start":{"line":283,"column":20},"end":{"line":297,"column":26}}],"line":282},"17":{"loc":{"start":{"line":314,"column":66},"end":{"line":314,"column":109}},"type":"cond-expr","locations":[{"start":{"line":314,"column":96},"end":{"line":314,"column":104}},{"start":{"line":314,"column":107},"end":{"line":314,"column":109}}],"line":314}},"s":{"0":1,"1":19,"2":18,"3":18,"4":18,"5":18,"6":18,"7":7,"8":7,"9":7,"10":7,"11":0,"12":18,"13":7,"14":0,"15":7,"16":18,"17":7,"18":0,"19":7,"20":18,"21":5,"22":5,"23":2,"24":1,"25":1,"26":1,"27":1,"28":0,"29":1,"30":3,"31":3,"32":18,"33":1,"34":1,"35":1,"36":1,"37":1,"38":1,"39":1,"40":1,"41":0,"42":0,"43":0,"44":18,"45":1,"46":1,"47":1,"48":1,"49":1,"50":1,"51":1,"52":1,"53":0,"54":0,"55":0,"56":18,"57":2,"58":2,"59":1,"60":1,"61":1,"62":0,"63":1,"64":1,"65":18,"66":1,"67":1,"68":0,"69":0,"70":18,"71":18,"72":43,"73":5,"74":1,"75":18,"76":1,"77":18,"78":1,"79":18,"80":72,"81":6},"f":{"0":19,"1":7,"2":7,"3":7,"4":0,"5":7,"6":7,"7":5,"8":2,"9":3,"10":1,"11":1,"12":0,"13":1,"14":1,"15":0,"16":2,"17":1,"18":1,"19":1,"20":18,"21":43,"22":5,"23":1,"24":18,"25":1,"26":18,"27":1,"28":72,"29":6},"b":{"0":[7,0],"1":[0,7],"2":[0,7],"3":[1,1],"4":[0,1],"5":[1,0],"6":[1,0],"7":[1,0],"8":[0,1],"9":[18,0],"10":[26,17],"11":[0,26],"12":[26,4],"13":[26,22],"14":[2,15],"15":[15,9],"16":[18,3],"17":[18,54]},"_coverageSchema":"1a1c01bbd47fc00a2c39e90264f33305004495a9","hash":"03c40a170cb5e2b3e56692512012b79f7b612f27"}
,"C:\\Users\\Maxsc\\307_Project\\csc307_154734\\packages\\react-frontend\\src\\pages\\SignUp.jsx": {"path":"C:\\Users\\Maxsc\\307_Project\\csc307_154734\\packages\\react-frontend\\src\\pages\\SignUp.jsx","statementMap":{"0":{"start":{"line":6,"column":30},"end":{"line":15,"column":6}},"1":{"start":{"line":17,"column":21},"end":{"line":17,"column":34}},"2":{"start":{"line":20,"column":8},"end":{"line":20,"column":22}},"3":{"start":{"line":24,"column":8},"end":{"line":27,"column":9}},"4":{"start":{"line":25,"column":12},"end":{"line":25,"column":69}},"5":{"start":{"line":26,"column":12},"end":{"line":26,"column":19}},"6":{"start":{"line":29,"column":8},"end":{"line":33,"column":11}},"7":{"start":{"line":30,"column":12},"end":{"line":32,"column":13}},"8":{"start":{"line":31,"column":16},"end":{"line":31,"column":37}},"9":{"start":{"line":34,"column":8},"end":{"line":34,"column":60}},"10":{"start":{"line":37,"column":4},"end":{"line":96,"column":6}},"11":{"start":{"line":99,"column":32},"end":{"line":99,"column":44}},"12":{"start":{"line":100,"column":8},"end":{"line":110,"column":9}},"13":{"start":{"line":102,"column":16},"end":{"line":102,"column":56}},"14":{"start":{"line":103,"column":16},"end":{"line":103,"column":22}},"15":{"start":{"line":105,"column":16},"end":{"line":105,"column":51}},"16":{"start":{"line":106,"column":16},"end":{"line":106,"column":22}},"17":{"start":{"line":108,"column":16},"end":{"line":108,"column":58}},"18":{"start":{"line":109,"column":16},"end":{"line":109,"column":22}}},"fnMap":{"0":{"name":"SignUp","decl":{"start":{"line":5,"column":9},"end":{"line":5,"column":15}},"loc":{"start":{"line":5,"column":23},"end":{"line":112,"column":1}},"line":5},"1":{"name":"handleReturn","decl":{"start":{"line":19,"column":13},"end":{"line":19,"column":25}},"loc":{"start":{"line":19,"column":28},"end":{"line":21,"column":5}},"line":19},"2":{"name":"submitForm","decl":{"start":{"line":23,"column":13},"end":{"line":23,"column":23}},"loc":{"start":{"line":23,"column":26},"end":{"line":35,"column":5}},"line":23},"3":{"name":"(anonymous_3)","decl":{"start":{"line":29,"column":39},"end":{"line":29,"column":40}},"loc":{"start":{"line":29,"column":53},"end":{"line":33,"column":9}},"line":29},"4":{"name":"handleChange","decl":{"start":{"line":98,"column":13},"end":{"line":98,"column":25}},"loc":{"start":{"line":98,"column":33},"end":{"line":111,"column":5}},"line":98}},"branchMap":{"0":{"loc":{"start":{"line":24,"column":8},"end":{"line":27,"column":9}},"type":"if","locations":[{"start":{"line":24,"column":8},"end":{"line":27,"column":9}},{"start":{},"end":{}}],"line":24},"1":{"loc":{"start":{"line":30,"column":12},"end":{"line":32,"column":13}},"type":"if","locations":[{"start":{"line":30,"column":12},"end":{"line":32,"column":13}},{"start":{},"end":{}}],"line":30},"2":{"loc":{"start":{"line":81,"column":17},"end":{"line":83,"column":17}},"type":"binary-expr","locations":[{"start":{"line":81,"column":17},"end":{"line":81,"column":30}},{"start":{"line":82,"column":20},"end":{"line":82,"column":79}}],"line":81},"3":{"loc":{"start":{"line":100,"column":8},"end":{"line":110,"column":9}},"type":"switch","locations":[{"start":{"line":101,"column":12},"end":{"line":103,"column":22}},{"start":{"line":104,"column":12},"end":{"line":106,"column":22}},{"start":{"line":107,"column":12},"end":{"line":109,"column":22}}],"line":100}},"s":{"0":1,"1":1,"2":0,"3":0,"4":0,"5":0,"6":0,"7":0,"8":0,"9":0,"10":1,"11":0,"12":0,"13":0,"14":0,"15":0,"16":0,"17":0,"18":0},"f":{"0":1,"1":0,"2":0,"3":0,"4":0},"b":{"0":[0,0],"1":[0,0],"2":[1,0],"3":[0,0,0]},"_coverageSchema":"1a1c01bbd47fc00a2c39e90264f33305004495a9","hash":"90275a6956548e8ab93afb563bcf8e56d2c12650"}
,"C:\\Users\\Maxsc\\307_Project\\csc307_154734\\packages\\react-frontend\\src\\pages\\ToDo.jsx": {"path":"C:\\Users\\Maxsc\\307_Project\\csc307_154734\\packages\\react-frontend\\src\\pages\\ToDo.jsx","statementMap":{"0":{"start":{"line":10,"column":40},"end":{"line":10,"column":60}},"1":{"start":{"line":12,"column":28},"end":{"line":17,"column":6}},"2":{"start":{"line":19,"column":21},"end":{"line":19,"column":34}},"3":{"start":{"line":20,"column":34},"end":{"line":20,"column":46}},"4":{"start":{"line":21,"column":42},"end":{"line":21,"column":56}},"5":{"start":{"line":22,"column":42},"end":{"line":22,"column":54}},"6":{"start":{"line":25,"column":30},"end":{"line":25,"column":42}},"7":{"start":{"line":26,"column":8},"end":{"line":29,"column":12}},"8":{"start":{"line":26,"column":31},"end":{"line":29,"column":9}},"9":{"start":{"line":33,"column":28},"end":{"line":37,"column":9}},"10":{"start":{"line":34,"column":42},"end":{"line":34,"column":61}},"11":{"start":{"line":39,"column":8},"end":{"line":53,"column":15}},"12":{"start":{"line":42,"column":16},"end":{"line":46,"column":18}},"13":{"start":{"line":44,"column":24},"end":{"line":44,"column":76}},"14":{"start":{"line":47,"column":16},"end":{"line":47,"column":37}},"15":{"start":{"line":48,"column":16},"end":{"line":48,"column":35}},"16":{"start":{"line":51,"column":16},"end":{"line":51,"column":61}},"17":{"start":{"line":52,"column":16},"end":{"line":52,"column":35}},"18":{"start":{"line":57,"column":29},"end":{"line":57,"column":76}},"19":{"start":{"line":57,"column":56},"end":{"line":57,"column":75}},"20":{"start":{"line":58,"column":28},"end":{"line":62,"column":9}},"21":{"start":{"line":64,"column":8},"end":{"line":80,"column":15}},"22":{"start":{"line":67,"column":16},"end":{"line":75,"column":18}},"23":{"start":{"line":70,"column":28},"end":{"line":70,"column":80}},"24":{"start":{"line":73,"column":38},"end":{"line":73,"column":79}},"25":{"start":{"line":78,"column":16},"end":{"line":78,"column":61}},"26":{"start":{"line":79,"column":16},"end":{"line":79,"column":35}},"27":{"start":{"line":84,"column":8},"end":{"line":84,"column":31}},"28":{"start":{"line":86,"column":8},"end":{"line":102,"column":15}},"29":{"start":{"line":89,"column":16},"end":{"line":92,"column":19}},"30":{"start":{"line":89,"column":46},"end":{"line":92,"column":17}},"31":{"start":{"line":93,"column":16},"end":{"line":98,"column":19}},"32":{"start":{"line":101,"column":16},"end":{"line":101,"column":35}},"33":{"start":{"line":105,"column":4},"end":{"line":119,"column":11}},"34":{"start":{"line":106,"column":8},"end":{"line":118,"column":15}},"35":{"start":{"line":108,"column":27},"end":{"line":108,"column":37}},"36":{"start":{"line":110,"column":36},"end":{"line":112,"column":17}},"37":{"start":{"line":111,"column":30},"end":{"line":111,"column":71}},"38":{"start":{"line":113,"column":16},"end":{"line":113,"column":44}},"39":{"start":{"line":116,"column":16},"end":{"line":116,"column":35}},"40":{"start":{"line":117,"column":16},"end":{"line":117,"column":60}},"41":{"start":{"line":121,"column":21},"end":{"line":127,"column":5}},"42":{"start":{"line":129,"column":18},"end":{"line":133,"column":5}},"43":{"start":{"line":135,"column":19},"end":{"line":139,"column":5}},"44":{"start":{"line":142,"column":8},"end":{"line":142,"column":30}},"45":{"start":{"line":145,"column":8},"end":{"line":145,"column":28}},"46":{"start":{"line":148,"column":8},"end":{"line":148,"column":29}},"47":{"start":{"line":151,"column":8},"end":{"line":151,"column":26}},"48":{"start":{"line":166,"column":4},"end":{"line":290,"column":6}},"49":{"start":{"line":217,"column":47},"end":{"line":217,"column":71}},"50":{"start":{"line":241,"column":20},"end":{"line":284,"column":26}},"51":{"start":{"line":248,"column":44},"end":{"line":248,"column":74}},"52":{"start":{"line":252,"column":59},"end":{"line":252,"column":77}},"53":{"start":{"line":256,"column":55},"end":{"line":256,"column":75}},"54":{"start":{"line":267,"column":44},"end":{"line":267,"column":69}},"55":{"start":{"line":268,"column":44},"end":{"line":268,"column":74}},"56":{"start":{"line":275,"column":51},"end":{"line":275,"column":77}},"57":{"start":{"line":280,"column":48},"end":{"line":280,"column":69}}},"fnMap":{"0":{"name":"ToDo","decl":{"start":{"line":9,"column":9},"end":{"line":9,"column":13}},"loc":{"start":{"line":9,"column":21},"end":{"line":291,"column":1}},"line":9},"1":{"name":"handleChange","decl":{"start":{"line":24,"column":13},"end":{"line":24,"column":25}},"loc":{"start":{"line":24,"column":33},"end":{"line":30,"column":5}},"line":24},"2":{"name":"(anonymous_2)","decl":{"start":{"line":26,"column":16},"end":{"line":26,"column":17}},"loc":{"start":{"line":26,"column":31},"end":{"line":29,"column":9}},"line":26},"3":{"name":"editItem","decl":{"start":{"line":32,"column":13},"end":{"line":32,"column":21}},"loc":{"start":{"line":32,"column":30},"end":{"line":54,"column":5}},"line":32},"4":{"name":"(anonymous_4)","decl":{"start":{"line":34,"column":32},"end":{"line":34,"column":33}},"loc":{"start":{"line":34,"column":42},"end":{"line":34,"column":61}},"line":34},"5":{"name":"(anonymous_5)","decl":{"start":{"line":41,"column":18},"end":{"line":41,"column":19}},"loc":{"start":{"line":41,"column":47},"end":{"line":49,"column":13}},"line":41},"6":{"name":"(anonymous_6)","decl":{"start":{"line":43,"column":36},"end":{"line":43,"column":37}},"loc":{"start":{"line":44,"column":24},"end":{"line":44,"column":76}},"line":44},"7":{"name":"(anonymous_7)","decl":{"start":{"line":50,"column":19},"end":{"line":50,"column":20}},"loc":{"start":{"line":50,"column":30},"end":{"line":53,"column":13}},"line":50},"8":{"name":"toggleCheck","decl":{"start":{"line":56,"column":13},"end":{"line":56,"column":24}},"loc":{"start":{"line":56,"column":33},"end":{"line":81,"column":5}},"line":56},"9":{"name":"(anonymous_9)","decl":{"start":{"line":57,"column":46},"end":{"line":57,"column":47}},"loc":{"start":{"line":57,"column":56},"end":{"line":57,"column":75}},"line":57},"10":{"name":"(anonymous_10)","decl":{"start":{"line":66,"column":18},"end":{"line":66,"column":19}},"loc":{"start":{"line":66,"column":47},"end":{"line":76,"column":13}},"line":66},"11":{"name":"(anonymous_11)","decl":{"start":{"line":69,"column":29},"end":{"line":69,"column":30}},"loc":{"start":{"line":70,"column":28},"end":{"line":70,"column":80}},"line":70},"12":{"name":"(anonymous_12)","decl":{"start":{"line":73,"column":28},"end":{"line":73,"column":29}},"loc":{"start":{"line":73,"column":38},"end":{"line":73,"column":79}},"line":73},"13":{"name":"(anonymous_13)","decl":{"start":{"line":77,"column":19},"end":{"line":77,"column":20}},"loc":{"start":{"line":77,"column":30},"end":{"line":80,"column":13}},"line":77},"14":{"name":"updateItems","decl":{"start":{"line":83,"column":13},"end":{"line":83,"column":24}},"loc":{"start":{"line":83,"column":41},"end":{"line":103,"column":5}},"line":83},"15":{"name":"(anonymous_15)","decl":{"start":{"line":88,"column":18},"end":{"line":88,"column":19}},"loc":{"start":{"line":88,"column":43},"end":{"line":99,"column":13}},"line":88},"16":{"name":"(anonymous_16)","decl":{"start":{"line":89,"column":31},"end":{"line":89,"column":32}},"loc":{"start":{"line":89,"column":46},"end":{"line":92,"column":17}},"line":89},"17":{"name":"(anonymous_17)","decl":{"start":{"line":100,"column":19},"end":{"line":100,"column":20}},"loc":{"start":{"line":100,"column":30},"end":{"line":102,"column":13}},"line":100},"18":{"name":"(anonymous_18)","decl":{"start":{"line":105,"column":14},"end":{"line":105,"column":15}},"loc":{"start":{"line":105,"column":20},"end":{"line":119,"column":5}},"line":105},"19":{"name":"(anonymous_19)","decl":{"start":{"line":108,"column":18},"end":{"line":108,"column":19}},"loc":{"start":{"line":108,"column":27},"end":{"line":108,"column":37}},"line":108},"20":{"name":"(anonymous_20)","decl":{"start":{"line":109,"column":18},"end":{"line":109,"column":19}},"loc":{"start":{"line":109,"column":28},"end":{"line":114,"column":13}},"line":109},"21":{"name":"(anonymous_21)","decl":{"start":{"line":111,"column":20},"end":{"line":111,"column":21}},"loc":{"start":{"line":111,"column":30},"end":{"line":111,"column":71}},"line":111},"22":{"name":"(anonymous_22)","decl":{"start":{"line":115,"column":19},"end":{"line":115,"column":20}},"loc":{"start":{"line":115,"column":30},"end":{"line":118,"column":13}},"line":115},"23":{"name":"handleSettings","decl":{"start":{"line":141,"column":13},"end":{"line":141,"column":27}},"loc":{"start":{"line":141,"column":30},"end":{"line":143,"column":5}},"line":141},"24":{"name":"handleWeekly","decl":{"start":{"line":144,"column":13},"end":{"line":144,"column":25}},"loc":{"start":{"line":144,"column":28},"end":{"line":146,"column":5}},"line":144},"25":{"name":"handleMonthly","decl":{"start":{"line":147,"column":13},"end":{"line":147,"column":26}},"loc":{"start":{"line":147,"column":29},"end":{"line":149,"column":5}},"line":147},"26":{"name":"handleToDo","decl":{"start":{"line":150,"column":13},"end":{"line":150,"column":23}},"loc":{"start":{"line":150,"column":26},"end":{"line":152,"column":5}},"line":150},"27":{"name":"handleCreate","decl":{"start":{"line":153,"column":13},"end":{"line":153,"column":25}},"loc":{"start":{"line":153,"column":28},"end":{"line":155,"column":5}},"line":153},"28":{"name":"handleCalendarsDropdown","decl":{"start":{"line":156,"column":13},"end":{"line":156,"column":36}},"loc":{"start":{"line":156,"column":39},"end":{"line":158,"column":5}},"line":156},"29":{"name":"handleToDoDropdown","decl":{"start":{"line":159,"column":13},"end":{"line":159,"column":31}},"loc":{"start":{"line":159,"column":34},"end":{"line":161,"column":5}},"line":159},"30":{"name":"handleClickingOnEvent","decl":{"start":{"line":162,"column":13},"end":{"line":162,"column":34}},"loc":{"start":{"line":162,"column":37},"end":{"line":164,"column":5}},"line":162},"31":{"name":"(anonymous_31)","decl":{"start":{"line":217,"column":36},"end":{"line":217,"column":37}},"loc":{"start":{"line":217,"column":47},"end":{"line":217,"column":71}},"line":217},"32":{"name":"(anonymous_32)","decl":{"start":{"line":240,"column":33},"end":{"line":240,"column":34}},"loc":{"start":{"line":241,"column":20},"end":{"line":284,"column":26}},"line":241},"33":{"name":"(anonymous_33)","decl":{"start":{"line":247,"column":50},"end":{"line":247,"column":51}},"loc":{"start":{"line":248,"column":44},"end":{"line":248,"column":74}},"line":248},"34":{"name":"(anonymous_34)","decl":{"start":{"line":252,"column":53},"end":{"line":252,"column":54}},"loc":{"start":{"line":252,"column":59},"end":{"line":252,"column":77}},"line":252},"35":{"name":"(anonymous_35)","decl":{"start":{"line":256,"column":49},"end":{"line":256,"column":50}},"loc":{"start":{"line":256,"column":55},"end":{"line":256,"column":75}},"line":256},"36":{"name":"(anonymous_36)","decl":{"start":{"line":266,"column":49},"end":{"line":266,"column":50}},"loc":{"start":{"line":266,"column":55},"end":{"line":269,"column":41}},"line":266},"37":{"name":"(anonymous_37)","decl":{"start":{"line":275,"column":45},"end":{"line":275,"column":46}},"loc":{"start":{"line":275,"column":51},"end":{"line":275,"column":77}},"line":275},"38":{"name":"(anonymous_38)","decl":{"start":{"line":280,"column":42},"end":{"line":280,"column":43}},"loc":{"start":{"line":280,"column":48},"end":{"line":280,"column":69}},"line":280}},"branchMap":{"0":{"loc":{"start":{"line":44,"column":24},"end":{"line":44,"column":76}},"type":"cond-expr","locations":[{"start":{"line":44,"column":46},"end":{"line":44,"column":69}},{"start":{"line":44,"column":72},"end":{"line":44,"column":76}}],"line":44},"1":{"loc":{"start":{"line":70,"column":28},"end":{"line":70,"column":80}},"type":"cond-expr","locations":[{"start":{"line":70,"column":50},"end":{"line":70,"column":73}},{"start":{"line":70,"column":76},"end":{"line":70,"column":80}}],"line":70},"2":{"loc":{"start":{"line":243,"column":29},"end":{"line":274,"column":29}},"type":"cond-expr","locations":[{"start":{"line":244,"column":32},"end":{"line":260,"column":35}},{"start":{"line":262,"column":32},"end":{"line":273,"column":35}}],"line":243},"3":{"loc":{"start":{"line":288,"column":13},"end":{"line":288,"column":40}},"type":"binary-expr","locations":[{"start":{"line":288,"column":13},"end":{"line":288,"column":20}},{"start":{"line":288,"column":24},"end":{"line":288,"column":40}}],"line":288}},"s":{"0":5,"1":4,"2":4,"3":4,"4":4,"5":4,"6":0,"7":0,"8":0,"9":0,"10":0,"11":0,"12":0,"13":0,"14":0,"15":0,"16":0,"17":0,"18":0,"19":0,"20":0,"21":0,"22":0,"23":0,"24":0,"25":0,"26":0,"27":0,"28":0,"29":0,"30":0,"31":0,"32":0,"33":4,"34":0,"35":0,"36":0,"37":0,"38":0,"39":0,"40":0,"41":4,"42":4,"43":4,"44":0,"45":0,"46":0,"47":0,"48":4,"49":0,"50":0,"51":0,"52":0,"53":0,"54":0,"55":0,"56":0,"57":0},"f":{"0":5,"1":0,"2":0,"3":0,"4":0,"5":0,"6":0,"7":0,"8":0,"9":0,"10":0,"11":0,"12":0,"13":0,"14":0,"15":0,"16":0,"17":0,"18":0,"19":0,"20":0,"21":0,"22":0,"23":0,"24":0,"25":0,"26":0,"27":0,"28":0,"29":0,"30":0,"31":0,"32":0,"33":0,"34":0,"35":0,"36":0,"37":0,"38":0},"b":{"0":[0,0],"1":[0,0],"2":[0,0],"3":[0,0]},"_coverageSchema":"1a1c01bbd47fc00a2c39e90264f33305004495a9","hash":"ab4e02224fe5afa0804ccfce00ef5ce6c190401c"}
,"C:\\Users\\Maxsc\\307_Project\\csc307_154734\\packages\\react-frontend\\src\\pages\\Translate.jsx": {"path":"C:\\Users\\Maxsc\\307_Project\\csc307_154734\\packages\\react-frontend\\src\\pages\\Translate.jsx","statementMap":{"0":{"start":{"line":3,"column":18},"end":{"line":19,"column":1}},"1":{"start":{"line":4,"column":4},"end":{"line":14,"column":11}},"2":{"start":{"line":5,"column":8},"end":{"line":13,"column":9}},"3":{"start":{"line":6,"column":27},"end":{"line":6,"column":59}},"4":{"start":{"line":7,"column":12},"end":{"line":7,"column":44}},"5":{"start":{"line":8,"column":12},"end":{"line":9,"column":94}},"6":{"start":{"line":10,"column":12},"end":{"line":10,"column":46}},"7":{"start":{"line":12,"column":12},"end":{"line":12,"column":48}},"8":{"start":{"line":16,"column":4},"end":{"line":18,"column":6}}},"fnMap":{"0":{"name":"(anonymous_0)","decl":{"start":{"line":3,"column":18},"end":{"line":3,"column":19}},"loc":{"start":{"line":3,"column":24},"end":{"line":19,"column":1}},"line":3},"1":{"name":"(anonymous_1)","decl":{"start":{"line":4,"column":14},"end":{"line":4,"column":15}},"loc":{"start":{"line":4,"column":20},"end":{"line":14,"column":5}},"line":4}},"branchMap":{"0":{"loc":{"start":{"line":5,"column":8},"end":{"line":13,"column":9}},"type":"if","locations":[{"start":{"line":5,"column":8},"end":{"line":13,"column":9}},{"start":{"line":11,"column":15},"end":{"line":13,"column":9}}],"line":5},"1":{"loc":{"start":{"line":5,"column":12},"end":{"line":5,"column":54}},"type":"binary-expr","locations":[{"start":{"line":5,"column":12},"end":{"line":5,"column":26}},{"start":{"line":5,"column":30},"end":{"line":5,"column":54}}],"line":5}},"s":{"0":1,"1":15,"2":7,"3":7,"4":7,"5":7,"6":7,"7":0,"8":15},"f":{"0":15,"1":7},"b":{"0":[7,0],"1":[7,0]},"_coverageSchema":"1a1c01bbd47fc00a2c39e90264f33305004495a9","hash":"9e31e5511f57549219a805b6accfd7242d9d4d6c"}
}
