TN:
SF:packages\react-frontend\src\components\Login.css
FNF:0
FNH:0
LF:0
LH:0
BRF:0
BRH:0
end_of_record
TN:
SF:packages\react-frontend\src\components\Settings.css
FNF:0
FNH:0
LF:0
LH:0
BRF:0
BRH:0
end_of_record
TN:
SF:packages\react-frontend\src\components\SignUp.css
FNF:0
FNH:0
LF:0
LH:0
BRF:0
BRH:0
end_of_record
TN:
SF:packages\react-frontend\src\components\general.css
FNF:0
FNH:0
LF:0
LH:0
BRF:0
BRH:0
end_of_record
TN:
SF:packages\react-frontend\src\pages\Login.jsx
FN:5,Login
FN:19,handleChange
FN:31,handleRegister
FN:35,submitForm
FN:36,(anonymous_4)
FNF:5
FNH:1
FNDA:2,Login
FNDA:0,handleChange
FNDA:0,handleRegister
FNDA:0,submitForm
FNDA:0,(anonymous_4)
DA:6,2
DA:17,2
DA:20,0
DA:21,0
DA:23,0
DA:24,0
DA:26,0
DA:27,0
DA:32,0
DA:36,0
DA:37,0
DA:38,0
DA:39,0
DA:42,0
DA:45,2
LF:15
LH:3
BRDA:21,0,0,0
BRDA:21,0,1,0
BRDA:37,1,0,0
BRDA:37,1,1,0
BRDA:76,2,0,2
BRDA:76,2,1,0
BRF:6
BRH:1
end_of_record
TN:
SF:packages\react-frontend\src\pages\Settings.jsx
FN:19,Settings
FN:36,(anonymous_1)
FN:39,(anonymous_2)
FN:40,(anonymous_3)
FN:44,(anonymous_4)
FN:50,(anonymous_5)
FN:59,(anonymous_6)
FN:68,(anonymous_7)
FN:76,(anonymous_8)
FN:95,(anonymous_9)
FN:102,(anonymous_10)
FN:113,(anonymous_11)
FN:124,(anonymous_12)
FN:131,(anonymous_13)
FN:142,(anonymous_14)
FN:153,(anonymous_15)
FN:160,(anonymous_16)
FN:168,(anonymous_17)
FN:176,(anonymous_18)
FN:183,(anonymous_19)
FN:192,(anonymous_20)
FN:195,(anonymous_21)
FN:212,(anonymous_22)
FN:227,(anonymous_23)
FN:234,(anonymous_24)
FN:256,(anonymous_25)
FN:263,(anonymous_26)
FN:288,(anonymous_27)
FN:311,(anonymous_28)
FN:315,(anonymous_29)
FNF:30
FNH:27
FNDA:19,Settings
FNDA:7,(anonymous_1)
FNDA:7,(anonymous_2)
FNDA:7,(anonymous_3)
FNDA:0,(anonymous_4)
FNDA:7,(anonymous_5)
FNDA:7,(anonymous_6)
FNDA:5,(anonymous_7)
FNDA:2,(anonymous_8)
FNDA:3,(anonymous_9)
FNDA:1,(anonymous_10)
FNDA:1,(anonymous_11)
FNDA:0,(anonymous_12)
FNDA:1,(anonymous_13)
FNDA:1,(anonymous_14)
FNDA:0,(anonymous_15)
FNDA:2,(anonymous_16)
FNDA:1,(anonymous_17)
FNDA:1,(anonymous_18)
FNDA:1,(anonymous_19)
FNDA:18,(anonymous_20)
FNDA:43,(anonymous_21)
FNDA:5,(anonymous_22)
FNDA:1,(anonymous_23)
FNDA:18,(anonymous_24)
FNDA:1,(anonymous_25)
FNDA:18,(anonymous_26)
FNDA:1,(anonymous_27)
FNDA:72,(anonymous_28)
FNDA:6,(anonymous_29)
DA:7,1
DA:20,19
DA:21,18
DA:24,18
DA:25,18
DA:28,18
DA:36,18
DA:37,7
DA:39,7
DA:41,7
DA:42,7
DA:45,0
DA:50,18
DA:51,7
DA:52,0
DA:54,7
DA:59,18
DA:60,7
DA:61,0
DA:63,7
DA:68,18
DA:69,5
DA:74,5
DA:77,2
DA:78,1
DA:79,1
DA:82,1
DA:85,1
DA:86,0
DA:92,1
DA:96,3
DA:97,3
DA:102,18
DA:103,1
DA:104,1
DA:107,1
DA:111,1
DA:114,1
DA:115,1
DA:116,1
DA:119,1
DA:121,0
DA:125,0
DA:126,0
DA:131,18
DA:132,1
DA:133,1
DA:136,1
DA:140,1
DA:143,1
DA:144,1
DA:145,1
DA:148,1
DA:150,0
DA:154,0
DA:155,0
DA:160,18
DA:162,2
DA:166,2
DA:169,1
DA:170,1
DA:171,1
DA:173,0
DA:177,1
DA:178,1
DA:183,18
DA:184,1
DA:185,1
DA:186,0
DA:187,0
DA:192,18
DA:193,18
DA:196,43
DA:213,5
DA:228,1
DA:235,18
DA:257,1
DA:264,18
DA:288,1
DA:303,18
DA:312,72
DA:315,6
LF:82
LH:69
BRDA:42,0,0,7
BRDA:42,0,1,0
BRDA:51,1,0,0
BRDA:51,1,1,7
BRDA:60,2,0,0
BRDA:60,2,1,7
BRDA:77,3,0,1
BRDA:77,3,1,1
BRDA:85,4,0,0
BRDA:85,4,1,1
BRDA:114,5,0,1
BRDA:114,5,1,0
BRDA:143,6,0,1
BRDA:143,6,1,0
BRDA:169,7,0,1
BRDA:169,7,1,0
BRDA:185,8,0,0
BRDA:185,8,1,1
BRDA:195,9,0,18
BRDA:195,9,1,0
BRDA:197,10,0,26
BRDA:197,10,1,17
BRDA:204,11,0,0
BRDA:204,11,1,26
BRDA:204,12,0,26
BRDA:204,12,1,4
BRDA:210,13,0,26
BRDA:210,13,1,22
BRDA:222,14,0,2
BRDA:222,14,1,15
BRDA:251,15,0,15
BRDA:251,15,1,9
BRDA:282,16,0,18
BRDA:282,16,1,3
BRDA:314,17,0,18
BRDA:314,17,1,54
BRF:36
BRH:26
end_of_record
TN:
SF:packages\react-frontend\src\pages\SignUp.jsx
FN:5,SignUp
FN:19,handleReturn
FN:23,submitForm
FN:29,(anonymous_3)
FN:98,handleChange
FNF:5
FNH:1
FNDA:1,SignUp
FNDA:0,handleReturn
FNDA:0,submitForm
FNDA:0,(anonymous_3)
FNDA:0,handleChange
DA:6,1
DA:17,1
DA:20,0
DA:24,0
DA:25,0
DA:26,0
DA:29,0
DA:30,0
DA:31,0
DA:34,0
DA:37,1
DA:99,0
DA:100,0
DA:102,0
DA:103,0
DA:105,0
DA:106,0
DA:108,0
DA:109,0
LF:19
LH:3
BRDA:24,0,0,0
BRDA:24,0,1,0
BRDA:30,1,0,0
BRDA:30,1,1,0
BRDA:81,2,0,1
BRDA:81,2,1,0
BRDA:100,3,0,0
BRDA:100,3,1,0
BRDA:100,3,2,0
BRF:9
BRH:1
end_of_record
TN:
SF:packages\react-frontend\src\pages\Translate.jsx
FN:3,(anonymous_0)
FN:4,(anonymous_1)
FNF:2
FNH:2
FNDA:16,(anonymous_0)
FNDA:8,(anonymous_1)
DA:3,2
DA:4,16
DA:5,8
DA:6,7
DA:7,7
DA:8,7
DA:10,7
DA:12,1
DA:16,16
LF:9
LH:9
BRDA:5,0,0,7
BRDA:5,0,1,1
BRDA:5,1,0,8
BRDA:5,1,1,1
BRF:4
BRH:4
end_of_record
