TN:
SF:packages/react-frontend/src/components/Monthly.css
FNF:0
FNH:0
LF:0
LH:0
BRF:0
BRH:0
end_of_record
TN:
SF:packages/react-frontend/src/components/Settings.css
FNF:0
FNH:0
LF:0
LH:0
BRF:0
BRH:0
end_of_record
TN:
SF:packages/react-frontend/src/components/general.css
FNF:0
FNH:0
LF:0
LH:0
BRF:0
BRH:0
end_of_record
TN:
SF:packages/react-frontend/src/pages/Clock.jsx
FN:3,Clock
FN:8,(anonymous_1)
FN:9,(anonymous_2)
FN:13,(anonymous_3)
FNF:4
FNH:0
FNDA:0,Clock
FNDA:0,(anonymous_1)
FNDA:0,(anonymous_2)
FNDA:0,(anonymous_3)
DA:5,0
DA:8,0
DA:9,0
DA:10,0
DA:13,0
DA:22,0
LF:6
LH:0
BRF:0
BRH:0
end_of_record
TN:
SF:packages/react-frontend/src/pages/Dropdown.jsx
FN:4,Dropdown
FN:42,(anonymous_1)
FN:45,(anonymous_2)
FN:46,(anonymous_3)
FN:50,(anonymous_4)
FN:56,(anonymous_5)
FN:59,(anonymous_6)
FN:60,(anonymous_7)
FN:64,(anonymous_8)
FN:70,(anonymous_9)
FN:73,(anonymous_10)
FN:74,(anonymous_11)
FN:78,(anonymous_12)
FN:84,(anonymous_13)
FN:87,(anonymous_14)
FN:88,(anonymous_15)
FN:90,(anonymous_16)
FN:94,(anonymous_17)
FN:100,(anonymous_18)
FN:103,(anonymous_19)
FN:104,(anonymous_20)
FN:108,(anonymous_21)
FN:114,(anonymous_22)
FN:129,(anonymous_23)
FN:133,(anonymous_24)
FN:138,(anonymous_25)
FN:143,(anonymous_26)
FN:148,(anonymous_27)
FN:155,(anonymous_28)
FN:174,create
FN:357,(anonymous_30)
FN:363,(anonymous_31)
FNF:32
FNH:0
FNDA:0,Dropdown
FNDA:0,(anonymous_1)
FNDA:0,(anonymous_2)
FNDA:0,(anonymous_3)
FNDA:0,(anonymous_4)
FNDA:0,(anonymous_5)
FNDA:0,(anonymous_6)
FNDA:0,(anonymous_7)
FNDA:0,(anonymous_8)
FNDA:0,(anonymous_9)
FNDA:0,(anonymous_10)
FNDA:0,(anonymous_11)
FNDA:0,(anonymous_12)
FNDA:0,(anonymous_13)
FNDA:0,(anonymous_14)
FNDA:0,(anonymous_15)
FNDA:0,(anonymous_16)
FNDA:0,(anonymous_17)
FNDA:0,(anonymous_18)
FNDA:0,(anonymous_19)
FNDA:0,(anonymous_20)
FNDA:0,(anonymous_21)
FNDA:0,(anonymous_22)
FNDA:0,(anonymous_23)
FNDA:0,(anonymous_24)
FNDA:0,(anonymous_25)
FNDA:0,(anonymous_26)
FNDA:0,(anonymous_27)
FNDA:0,(anonymous_28)
FNDA:0,create
FNDA:0,(anonymous_30)
FNDA:0,(anonymous_31)
DA:5,0
DA:6,0
DA:7,0
DA:9,0
DA:16,0
DA:26,0
DA:36,0
DA:42,0
DA:43,0
DA:45,0
DA:47,0
DA:48,0
DA:51,0
DA:52,0
DA:56,0
DA:57,0
DA:59,0
DA:61,0
DA:62,0
DA:65,0
DA:66,0
DA:70,0
DA:71,0
DA:73,0
DA:75,0
DA:76,0
DA:79,0
DA:80,0
DA:84,0
DA:85,0
DA:87,0
DA:89,0
DA:90,0
DA:92,0
DA:95,0
DA:96,0
DA:100,0
DA:101,0
DA:103,0
DA:105,0
DA:106,0
DA:109,0
DA:110,0
DA:114,0
DA:115,0
DA:116,0
DA:117,0
DA:123,0
DA:129,0
DA:130,0
DA:132,0
DA:133,0
DA:137,0
DA:138,0
DA:142,0
DA:143,0
DA:147,0
DA:148,0
DA:155,0
DA:156,0
DA:158,0
DA:159,0
DA:160,0
DA:161,0
DA:162,0
DA:163,0
DA:164,0
DA:165,0
DA:166,0
DA:167,0
DA:168,0
DA:169,0
DA:171,0
DA:175,0
DA:176,0
DA:235,0
DA:236,0
DA:259,0
DA:260,0
DA:285,0
DA:286,0
DA:346,0
DA:350,0
DA:358,0
DA:363,0
LF:85
LH:0
BRDA:4,0,0,0
BRDA:117,1,0,0
BRDA:117,1,1,0
BRDA:118,2,0,0
BRDA:118,2,1,0
BRDA:118,2,2,0
BRDA:118,2,3,0
BRDA:132,3,0,0
BRDA:132,3,1,0
BRDA:137,4,0,0
BRDA:137,4,1,0
BRDA:142,5,0,0
BRDA:142,5,1,0
BRDA:147,6,0,0
BRDA:147,6,1,0
BRDA:158,7,0,0
BRDA:158,7,1,0
BRDA:161,8,0,0
BRDA:161,8,1,0
BRDA:164,9,0,0
BRDA:164,9,1,0
BRDA:167,10,0,0
BRDA:167,10,1,0
BRDA:175,11,0,0
BRDA:175,11,1,0
BRDA:235,12,0,0
BRDA:235,12,1,0
BRDA:259,13,0,0
BRDA:259,13,1,0
BRDA:285,14,0,0
BRDA:285,14,1,0
BRF:31
BRH:0
end_of_record
TN:
SF:packages/react-frontend/src/pages/Monthly.jsx
FN:27,Monthly
FN:45,(anonymous_1)
FN:50,(anonymous_2)
FN:59,(anonymous_3)
FN:63,(anonymous_4)
FN:72,(anonymous_5)
FN:115,(anonymous_6)
FN:138,(anonymous_7)
FN:168,makeEvents
FN:178,(anonymous_9)
FN:204,handleSettings
FN:208,handleWeekly
FN:212,handleToDo
FNF:13
FNH:1
FNDA:5,Monthly
FNDA:0,(anonymous_1)
FNDA:0,(anonymous_2)
FNDA:0,(anonymous_3)
FNDA:0,(anonymous_4)
FNDA:0,(anonymous_5)
FNDA:0,(anonymous_6)
FNDA:0,(anonymous_7)
FNDA:0,makeEvents
FNDA:0,(anonymous_9)
FNDA:0,handleSettings
FNDA:0,handleWeekly
FNDA:0,handleToDo
DA:28,5
DA:29,4
DA:33,4
DA:41,4
DA:43,4
DA:45,4
DA:46,0
DA:51,0
DA:52,0
DA:59,0
DA:63,0
DA:72,4
DA:73,0
DA:74,0
DA:86,0
DA:96,0
DA:110,0
DA:112,0
DA:115,4
DA:116,0
DA:117,0
DA:118,0
DA:119,0
DA:121,0
DA:123,0
DA:125,0
DA:126,0
DA:133,0
DA:135,0
DA:138,4
DA:139,0
DA:140,0
DA:142,0
DA:144,0
DA:146,0
DA:147,0
DA:148,0
DA:149,0
DA:150,0
DA:151,0
DA:152,0
DA:153,0
DA:156,0
DA:157,0
DA:158,0
DA:161,0
DA:162,0
DA:163,0
DA:165,0
DA:169,0
DA:170,0
DA:171,0
DA:172,0
DA:175,0
DA:178,4
DA:179,0
DA:180,0
DA:181,0
DA:182,0
DA:184,0
DA:186,0
DA:188,0
DA:189,0
DA:196,0
DA:199,0
DA:202,4
DA:206,0
DA:210,0
DA:214,0
DA:217,4
DA:218,4
DA:219,0
DA:222,0
DA:223,0
DA:224,0
DA:227,0
DA:228,0
DA:229,0
DA:232,0
LF:79
LH:13
BRDA:100,0,0,0
BRDA:100,0,1,0
BRDA:103,1,0,0
BRDA:103,1,1,0
BRDA:104,2,0,0
BRDA:104,2,1,0
BRDA:157,3,0,0
BRDA:157,3,1,0
BRDA:171,4,0,0
BRDA:171,4,1,0
BRF:10
BRH:0
end_of_record
TN:
SF:packages/react-frontend/src/pages/Popup.jsx
FN:3,Popup
FN:6,(anonymous_1)
FNF:2
FNH:0
FNDA:0,Popup
FNDA:0,(anonymous_1)
DA:4,0
DA:6,0
DA:7,0
DA:8,0
DA:10,0
DA:14,0
LF:6
LH:0
BRDA:7,0,0,0
BRDA:7,0,1,0
BRF:2
BRH:0
end_of_record
TN:
SF:packages/react-frontend/src/pages/Settings.jsx
FN:19,Settings
FN:36,(anonymous_1)
FN:39,(anonymous_2)
FN:40,(anonymous_3)
FN:44,(anonymous_4)
FN:50,(anonymous_5)
FN:59,(anonymous_6)
FN:68,(anonymous_7)
FN:76,(anonymous_8)
FN:95,(anonymous_9)
FN:102,(anonymous_10)
FN:113,(anonymous_11)
FN:124,(anonymous_12)
FN:131,(anonymous_13)
FN:142,(anonymous_14)
FN:153,(anonymous_15)
FN:160,(anonymous_16)
FN:168,(anonymous_17)
FN:176,(anonymous_18)
FN:183,(anonymous_19)
FN:192,(anonymous_20)
FN:195,(anonymous_21)
FN:212,(anonymous_22)
FN:227,(anonymous_23)
FN:234,(anonymous_24)
FN:256,(anonymous_25)
FN:263,(anonymous_26)
FN:288,(anonymous_27)
FN:311,(anonymous_28)
FN:315,(anonymous_29)
FNF:30
FNH:10
FNDA:1,Settings
FNDA:1,(anonymous_1)
FNDA:1,(anonymous_2)
FNDA:1,(anonymous_3)
FNDA:0,(anonymous_4)
FNDA:1,(anonymous_5)
FNDA:1,(anonymous_6)
FNDA:0,(anonymous_7)
FNDA:0,(anonymous_8)
FNDA:0,(anonymous_9)
FNDA:0,(anonymous_10)
FNDA:0,(anonymous_11)
FNDA:0,(anonymous_12)
FNDA:0,(anonymous_13)
FNDA:0,(anonymous_14)
FNDA:0,(anonymous_15)
FNDA:0,(anonymous_16)
FNDA:0,(anonymous_17)
FNDA:0,(anonymous_18)
FNDA:0,(anonymous_19)
FNDA:1,(anonymous_20)
FNDA:3,(anonymous_21)
FNDA:0,(anonymous_22)
FNDA:0,(anonymous_23)
FNDA:0,(anonymous_24)
FNDA:0,(anonymous_25)
FNDA:2,(anonymous_26)
FNDA:0,(anonymous_27)
FNDA:4,(anonymous_28)
FNDA:0,(anonymous_29)
DA:7,1
DA:20,1
DA:21,1
DA:24,1
DA:25,1
DA:28,1
DA:36,1
DA:37,1
DA:39,1
DA:41,1
DA:42,1
DA:45,0
DA:50,1
DA:51,1
DA:52,0
DA:54,1
DA:59,1
DA:60,1
DA:61,0
DA:63,1
DA:68,1
DA:69,0
DA:74,0
DA:77,0
DA:78,0
DA:79,0
DA:82,0
DA:85,0
DA:86,0
DA:92,0
DA:96,0
DA:97,0
DA:102,1
DA:103,0
DA:104,0
DA:107,0
DA:111,0
DA:114,0
DA:115,0
DA:116,0
DA:119,0
DA:121,0
DA:125,0
DA:126,0
DA:131,1
DA:132,0
DA:133,0
DA:136,0
DA:140,0
DA:143,0
DA:144,0
DA:145,0
DA:148,0
DA:150,0
DA:154,0
DA:155,0
DA:160,1
DA:162,0
DA:166,0
DA:169,0
DA:170,0
DA:171,0
DA:173,0
DA:177,0
DA:178,0
DA:183,1
DA:184,0
DA:185,0
DA:186,0
DA:187,0
DA:192,1
DA:193,1
DA:196,3
DA:213,0
DA:228,0
DA:235,0
DA:257,0
DA:264,2
DA:288,0
DA:303,1
DA:312,4
DA:315,0
LF:82
LH:28
BRDA:42,0,0,1
BRDA:42,0,1,0
BRDA:51,1,0,0
BRDA:51,1,1,1
BRDA:60,2,0,0
BRDA:60,2,1,1
BRDA:77,3,0,0
BRDA:77,3,1,0
BRDA:85,4,0,0
BRDA:85,4,1,0
BRDA:114,5,0,0
BRDA:114,5,1,0
BRDA:143,6,0,0
BRDA:143,6,1,0
BRDA:169,7,0,0
BRDA:169,7,1,0
BRDA:185,8,0,0
BRDA:185,8,1,0
BRDA:195,9,0,1
BRDA:195,9,1,0
BRDA:197,10,0,2
BRDA:197,10,1,1
BRDA:204,11,0,0
BRDA:204,11,1,2
BRDA:204,12,0,2
BRDA:204,12,1,0
BRDA:210,13,0,2
BRDA:210,13,1,2
BRDA:222,14,0,0
BRDA:222,14,1,1
BRDA:251,15,0,1
BRDA:251,15,1,1
BRDA:282,16,0,1
BRDA:282,16,1,0
BRDA:314,17,0,1
BRDA:314,17,1,3
BRF:36
BRH:16
end_of_record
TN:
SF:packages/react-frontend/src/pages/Translate.jsx
FN:3,(anonymous_0)
FN:4,(anonymous_1)
FNF:2
FNH:2
FNDA:1,(anonymous_0)
FNDA:1,(anonymous_1)
DA:3,1
DA:4,1
DA:5,1
DA:6,1
DA:7,1
DA:8,1
DA:10,1
DA:12,0
DA:16,1
LF:9
LH:8
BRDA:5,0,0,1
BRDA:5,0,1,0
BRDA:5,1,0,1
BRDA:5,1,1,0
BRF:4
BRH:2
end_of_record
